{"/Users/anne/Dropbox/Mac/Documents/2023/Codesmith/Week 8/Recoilize4/mock/snapshot.js": {"path":"/Users/anne/Dropbox/Mac/Documents/2023/Codesmith/Week 8/Recoilize4/mock/snapshot.js","statementMap":{"0":{"start":{"line":1,"column":35},"end":{"line":32,"column":1}},"1":{"start":{"line":34,"column":36},"end":{"line":70,"column":1}},"2":{"start":{"line":72,"column":37},"end":{"line":131,"column":1}}},"fnMap":{},"branchMap":{},"s":{"0":2,"1":2,"2":2},"f":{},"b":{},"_coverageSchema":"1a1c01bbd47fc00a2c39e90264f33305004495a9","hash":"f58e6302504aa506a21c06d0a272a7f4ad9f5026"}
,"/Users/anne/Dropbox/Mac/Documents/2023/Codesmith/Week 8/Recoilize4/mock/state-snapshot.js": {"path":"/Users/anne/Dropbox/Mac/Documents/2023/Codesmith/Week 8/Recoilize4/mock/state-snapshot.js","statementMap":{"0":{"start":{"line":1,"column":35},"end":{"line":1144,"column":1}}},"fnMap":{},"branchMap":{},"s":{"0":1},"f":{},"b":{},"_coverageSchema":"1a1c01bbd47fc00a2c39e90264f33305004495a9","hash":"e5a834add2f8a20461bd53e6ea6244f36cb1881b"}
,"/Users/anne/Dropbox/Mac/Documents/2023/Codesmith/Week 8/Recoilize4/src/app/Containers/SnapshotContainer.tsx": {"path":"/Users/anne/Dropbox/Mac/Documents/2023/Codesmith/Week 8/Recoilize4/src/app/Containers/SnapshotContainer.tsx","statementMap":{"0":{"start":{"line":6,"column":37},"end":{"line":189,"column":1}},"1":{"start":{"line":7,"column":19},"end":{"line":7,"column":35}},"2":{"start":{"line":9,"column":26},"end":{"line":11,"column":3}},"3":{"start":{"line":10,"column":13},"end":{"line":10,"column":43}},"4":{"start":{"line":12,"column":19},"end":{"line":12,"column":71}},"5":{"start":{"line":12,"column":43},"end":{"line":12,"column":70}},"6":{"start":{"line":14,"column":22},"end":{"line":14,"column":73}},"7":{"start":{"line":14,"column":46},"end":{"line":14,"column":72}},"8":{"start":{"line":15,"column":21},"end":{"line":15,"column":54}},"9":{"start":{"line":16,"column":25},"end":{"line":16,"column":53}},"10":{"start":{"line":18,"column":30},"end":{"line":18,"column":52}},"11":{"start":{"line":21,"column":2},"end":{"line":23,"column":30}},"12":{"start":{"line":22,"column":4},"end":{"line":22,"column":21}},"13":{"start":{"line":26,"column":25},"end":{"line":28,"column":3}},"14":{"start":{"line":27,"column":4},"end":{"line":27,"column":64}},"15":{"start":{"line":30,"column":38},"end":{"line":30,"column":40}},"16":{"start":{"line":32,"column":2},"end":{"line":101,"column":3}},"17":{"start":{"line":32,"column":15},"end":{"line":32,"column":16}},"18":{"start":{"line":34,"column":23},"end":{"line":50,"column":5}},"19":{"start":{"line":36,"column":6},"end":{"line":38,"column":7}},"20":{"start":{"line":37,"column":8},"end":{"line":37,"column":20}},"21":{"start":{"line":40,"column":6},"end":{"line":48,"column":7}},"22":{"start":{"line":41,"column":8},"end":{"line":47,"column":9}},"23":{"start":{"line":42,"column":10},"end":{"line":46,"column":11}},"24":{"start":{"line":42,"column":23},"end":{"line":42,"column":24}},"25":{"start":{"line":43,"column":12},"end":{"line":45,"column":13}},"26":{"start":{"line":44,"column":14},"end":{"line":44,"column":26}},"27":{"start":{"line":49,"column":6},"end":{"line":49,"column":19}},"28":{"start":{"line":51,"column":23},"end":{"line":51,"column":35}},"29":{"start":{"line":53,"column":4},"end":{"line":55,"column":5}},"30":{"start":{"line":54,"column":6},"end":{"line":54,"column":15}},"31":{"start":{"line":59,"column":6},"end":{"line":59,"column":59}},"32":{"start":{"line":72,"column":4},"end":{"line":100,"column":6}},"33":{"start":{"line":83,"column":10},"end":{"line":83,"column":38}},"34":{"start":{"line":95,"column":12},"end":{"line":95,"column":30}},"35":{"start":{"line":104,"column":26},"end":{"line":104,"column":27}},"36":{"start":{"line":105,"column":2},"end":{"line":107,"column":3}},"37":{"start":{"line":106,"column":4},"end":{"line":106,"column":40}},"38":{"start":{"line":110,"column":25},"end":{"line":122,"column":3}},"39":{"start":{"line":112,"column":33},"end":{"line":112,"column":57}},"40":{"start":{"line":115,"column":4},"end":{"line":121,"column":7}},"41":{"start":{"line":125,"column":28},"end":{"line":125,"column":76}},"42":{"start":{"line":126,"column":4},"end":{"line":132,"column":5}},"43":{"start":{"line":126,"column":17},"end":{"line":126,"column":18}},"44":{"start":{"line":127,"column":18},"end":{"line":127,"column":66}},"45":{"start":{"line":129,"column":6},"end":{"line":131,"column":19}},"46":{"start":{"line":130,"column":8},"end":{"line":130,"column":70}},"47":{"start":{"line":131,"column":13},"end":{"line":131,"column":19}},"48":{"start":{"line":136,"column":28},"end":{"line":136,"column":76}},"49":{"start":{"line":138,"column":4},"end":{"line":144,"column":5}},"50":{"start":{"line":138,"column":17},"end":{"line":138,"column":43}},"51":{"start":{"line":139,"column":18},"end":{"line":139,"column":66}},"52":{"start":{"line":141,"column":6},"end":{"line":143,"column":19}},"53":{"start":{"line":142,"column":8},"end":{"line":142,"column":70}},"54":{"start":{"line":143,"column":13},"end":{"line":143,"column":19}},"55":{"start":{"line":148,"column":25},"end":{"line":154,"column":3}},"56":{"start":{"line":149,"column":4},"end":{"line":153,"column":5}},"57":{"start":{"line":149,"column":17},"end":{"line":149,"column":18}},"58":{"start":{"line":150,"column":6},"end":{"line":150,"column":44}},"59":{"start":{"line":151,"column":23},"end":{"line":151,"column":46}},"60":{"start":{"line":152,"column":6},"end":{"line":152,"column":45}},"61":{"start":{"line":156,"column":2},"end":{"line":188,"column":4}},"62":{"start":{"line":179,"column":10},"end":{"line":179,"column":42}}},"fnMap":{"0":{"name":"(anonymous_0)","decl":{"start":{"line":6,"column":37},"end":{"line":6,"column":38}},"loc":{"start":{"line":6,"column":43},"end":{"line":189,"column":1}},"line":6},"1":{"name":"(anonymous_1)","decl":{"start":{"line":10,"column":4},"end":{"line":10,"column":5}},"loc":{"start":{"line":10,"column":13},"end":{"line":10,"column":43}},"line":10},"2":{"name":"(anonymous_2)","decl":{"start":{"line":12,"column":34},"end":{"line":12,"column":35}},"loc":{"start":{"line":12,"column":43},"end":{"line":12,"column":70}},"line":12},"3":{"name":"(anonymous_3)","decl":{"start":{"line":14,"column":37},"end":{"line":14,"column":38}},"loc":{"start":{"line":14,"column":46},"end":{"line":14,"column":72}},"line":14},"4":{"name":"(anonymous_4)","decl":{"start":{"line":21,"column":12},"end":{"line":21,"column":13}},"loc":{"start":{"line":21,"column":18},"end":{"line":23,"column":3}},"line":21},"5":{"name":"(anonymous_5)","decl":{"start":{"line":26,"column":25},"end":{"line":26,"column":26}},"loc":{"start":{"line":26,"column":37},"end":{"line":28,"column":3}},"line":26},"6":{"name":"(anonymous_6)","decl":{"start":{"line":34,"column":23},"end":{"line":34,"column":24}},"loc":{"start":{"line":34,"column":38},"end":{"line":50,"column":5}},"line":34},"7":{"name":"(anonymous_7)","decl":{"start":{"line":82,"column":17},"end":{"line":82,"column":18}},"loc":{"start":{"line":82,"column":23},"end":{"line":84,"column":9}},"line":82},"8":{"name":"(anonymous_8)","decl":{"start":{"line":94,"column":19},"end":{"line":94,"column":20}},"loc":{"start":{"line":94,"column":25},"end":{"line":96,"column":11}},"line":94},"9":{"name":"(anonymous_9)","decl":{"start":{"line":110,"column":25},"end":{"line":110,"column":26}},"loc":{"start":{"line":110,"column":44},"end":{"line":122,"column":3}},"line":110},"10":{"name":"prevClr","decl":{"start":{"line":124,"column":11},"end":{"line":124,"column":18}},"loc":{"start":{"line":124,"column":21},"end":{"line":133,"column":3}},"line":124},"11":{"name":"fwrdClr","decl":{"start":{"line":135,"column":11},"end":{"line":135,"column":18}},"loc":{"start":{"line":135,"column":21},"end":{"line":145,"column":3}},"line":135},"12":{"name":"(anonymous_12)","decl":{"start":{"line":148,"column":25},"end":{"line":148,"column":26}},"loc":{"start":{"line":148,"column":40},"end":{"line":154,"column":3}},"line":148},"13":{"name":"(anonymous_13)","decl":{"start":{"line":178,"column":17},"end":{"line":178,"column":18}},"loc":{"start":{"line":178,"column":22},"end":{"line":180,"column":9}},"line":178}},"branchMap":{"0":{"loc":{"start":{"line":36,"column":6},"end":{"line":38,"column":7}},"type":"if","locations":[{"start":{"line":36,"column":6},"end":{"line":38,"column":7}},{"start":{},"end":{}}],"line":36},"1":{"loc":{"start":{"line":40,"column":6},"end":{"line":48,"column":7}},"type":"if","locations":[{"start":{"line":40,"column":6},"end":{"line":48,"column":7}},{"start":{},"end":{}}],"line":40},"2":{"loc":{"start":{"line":43,"column":12},"end":{"line":45,"column":13}},"type":"if","locations":[{"start":{"line":43,"column":12},"end":{"line":45,"column":13}},{"start":{},"end":{}}],"line":43},"3":{"loc":{"start":{"line":53,"column":4},"end":{"line":55,"column":5}},"type":"if","locations":[{"start":{"line":53,"column":4},"end":{"line":55,"column":5}},{"start":{},"end":{}}],"line":53},"4":{"loc":{"start":{"line":78,"column":10},"end":{"line":80,"column":32}},"type":"cond-expr","locations":[{"start":{"line":79,"column":14},"end":{"line":79,"column":60}},{"start":{"line":80,"column":14},"end":{"line":80,"column":32}}],"line":78},"5":{"loc":{"start":{"line":90,"column":12},"end":{"line":92,"column":18}},"type":"cond-expr","locations":[{"start":{"line":91,"column":16},"end":{"line":91,"column":62}},{"start":{"line":92,"column":16},"end":{"line":92,"column":18}}],"line":90},"6":{"loc":{"start":{"line":105,"column":2},"end":{"line":107,"column":3}},"type":"if","locations":[{"start":{"line":105,"column":2},"end":{"line":107,"column":3}},{"start":{},"end":{}}],"line":105},"7":{"loc":{"start":{"line":105,"column":6},"end":{"line":105,"column":46}},"type":"binary-expr","locations":[{"start":{"line":105,"column":6},"end":{"line":105,"column":19}},{"start":{"line":105,"column":23},"end":{"line":105,"column":46}}],"line":105},"8":{"loc":{"start":{"line":129,"column":6},"end":{"line":131,"column":19}},"type":"if","locations":[{"start":{"line":129,"column":6},"end":{"line":131,"column":19}},{"start":{"line":131,"column":13},"end":{"line":131,"column":19}}],"line":129},"9":{"loc":{"start":{"line":141,"column":6},"end":{"line":143,"column":19}},"type":"if","locations":[{"start":{"line":141,"column":6},"end":{"line":143,"column":19}},{"start":{"line":143,"column":13},"end":{"line":143,"column":19}}],"line":141}},"s":{"0":1,"1":2,"2":0,"3":0,"4":0,"5":0,"6":0,"7":0,"8":0,"9":0,"10":0,"11":0,"12":0,"13":0,"14":0,"15":0,"16":0,"17":0,"18":0,"19":0,"20":0,"21":0,"22":0,"23":0,"24":0,"25":0,"26":0,"27":0,"28":0,"29":0,"30":0,"31":0,"32":0,"33":0,"34":0,"35":0,"36":0,"37":0,"38":0,"39":0,"40":0,"41":0,"42":0,"43":0,"44":0,"45":0,"46":0,"47":0,"48":0,"49":0,"50":0,"51":0,"52":0,"53":0,"54":0,"55":0,"56":0,"57":0,"58":0,"59":0,"60":0,"61":0,"62":0},"f":{"0":2,"1":0,"2":0,"3":0,"4":0,"5":0,"6":0,"7":0,"8":0,"9":0,"10":0,"11":0,"12":0,"13":0},"b":{"0":[0,0],"1":[0,0],"2":[0,0],"3":[0,0],"4":[0,0],"5":[0,0],"6":[0,0],"7":[0,0],"8":[0,0],"9":[0,0]},"_coverageSchema":"1a1c01bbd47fc00a2c39e90264f33305004495a9","hash":"02ec5e7a32eeb55ff72e16bac818a8889ef529dd"}
,"/Users/anne/Dropbox/Mac/Documents/2023/Codesmith/Week 8/Recoilize4/src/app/components/ComponentGraph/AtomComponentContainer.tsx": {"path":"/Users/anne/Dropbox/Mac/Documents/2023/Codesmith/Week 8/Recoilize4/src/app/components/ComponentGraph/AtomComponentContainer.tsx","statementMap":{"0":{"start":{"line":7,"column":47},"end":{"line":52,"column":1}},"1":{"start":{"line":9,"column":26},"end":{"line":11,"column":3}},"2":{"start":{"line":10,"column":13},"end":{"line":10,"column":43}},"3":{"start":{"line":12,"column":22},"end":{"line":12,"column":73}},"4":{"start":{"line":12,"column":46},"end":{"line":12,"column":72}},"5":{"start":{"line":13,"column":35},"end":{"line":15,"column":3}},"6":{"start":{"line":14,"column":13},"end":{"line":14,"column":50}},"7":{"start":{"line":17,"column":4},"end":{"line":17,"column":49}},"8":{"start":{"line":18,"column":28},"end":{"line":18,"column":74}},"9":{"start":{"line":22,"column":56},"end":{"line":22,"column":78}},"10":{"start":{"line":23,"column":24},"end":{"line":23,"column":46}},"11":{"start":{"line":27,"column":22},"end":{"line":27,"column":24}},"12":{"start":{"line":28,"column":30},"end":{"line":28,"column":32}},"13":{"start":{"line":29,"column":2},"end":{"line":37,"column":3}},"14":{"start":{"line":30,"column":4},"end":{"line":36,"column":5}},"15":{"start":{"line":31,"column":6},"end":{"line":35,"column":7}},"16":{"start":{"line":32,"column":8},"end":{"line":32,"column":49}},"17":{"start":{"line":34,"column":8},"end":{"line":34,"column":53}},"18":{"start":{"line":39,"column":2},"end":{"line":51,"column":4}}},"fnMap":{"0":{"name":"(anonymous_0)","decl":{"start":{"line":7,"column":47},"end":{"line":7,"column":48}},"loc":{"start":{"line":7,"column":53},"end":{"line":52,"column":1}},"line":7},"1":{"name":"(anonymous_1)","decl":{"start":{"line":10,"column":4},"end":{"line":10,"column":5}},"loc":{"start":{"line":10,"column":13},"end":{"line":10,"column":43}},"line":10},"2":{"name":"(anonymous_2)","decl":{"start":{"line":12,"column":37},"end":{"line":12,"column":38}},"loc":{"start":{"line":12,"column":46},"end":{"line":12,"column":72}},"line":12},"3":{"name":"(anonymous_3)","decl":{"start":{"line":14,"column":4},"end":{"line":14,"column":5}},"loc":{"start":{"line":14,"column":13},"end":{"line":14,"column":50}},"line":14}},"branchMap":{"0":{"loc":{"start":{"line":29,"column":2},"end":{"line":37,"column":3}},"type":"if","locations":[{"start":{"line":29,"column":2},"end":{"line":37,"column":3}},{"start":{},"end":{}}],"line":29},"1":{"loc":{"start":{"line":31,"column":6},"end":{"line":35,"column":7}},"type":"if","locations":[{"start":{"line":31,"column":6},"end":{"line":35,"column":7}},{"start":{"line":33,"column":13},"end":{"line":35,"column":7}}],"line":31}},"s":{"0":1,"1":0,"2":0,"3":0,"4":0,"5":0,"6":0,"7":0,"8":0,"9":0,"10":0,"11":0,"12":0,"13":0,"14":0,"15":0,"16":0,"17":0,"18":0},"f":{"0":0,"1":0,"2":0,"3":0},"b":{"0":[0,0],"1":[0,0]},"_coverageSchema":"1a1c01bbd47fc00a2c39e90264f33305004495a9","hash":"ffc355457bc279b537f7446c1f70af40d788c769"}
,"/Users/anne/Dropbox/Mac/Documents/2023/Codesmith/Week 8/Recoilize4/src/app/components/ComponentGraph/AtomComponentVisual.tsx": {"path":"/Users/anne/Dropbox/Mac/Documents/2023/Codesmith/Week 8/Recoilize4/src/app/components/ComponentGraph/AtomComponentVisual.tsx","statementMap":{"0":{"start":{"line":21,"column":64},"end":{"line":724,"column":1}},"1":{"start":{"line":31,"column":23},"end":{"line":31,"column":54}},"2":{"start":{"line":32,"column":20},"end":{"line":32,"column":32}},"3":{"start":{"line":33,"column":19},"end":{"line":33,"column":35}},"4":{"start":{"line":36,"column":22},"end":{"line":36,"column":23}},"5":{"start":{"line":37,"column":23},"end":{"line":37,"column":24}},"6":{"start":{"line":40,"column":36},"end":{"line":40,"column":60}},"7":{"start":{"line":43,"column":40},"end":{"line":43,"column":64}},"8":{"start":{"line":46,"column":34},"end":{"line":46,"column":62}},"9":{"start":{"line":47,"column":42},"end":{"line":47,"column":74}},"10":{"start":{"line":50,"column":42},"end":{"line":50,"column":66}},"11":{"start":{"line":51,"column":50},"end":{"line":51,"column":74}},"12":{"start":{"line":54,"column":52},"end":{"line":54,"column":76}},"13":{"start":{"line":55,"column":60},"end":{"line":57,"column":3}},"14":{"start":{"line":58,"column":52},"end":{"line":58,"column":76}},"15":{"start":{"line":59,"column":46},"end":{"line":59,"column":70}},"16":{"start":{"line":62,"column":58},"end":{"line":62,"column":77}},"17":{"start":{"line":63,"column":44},"end":{"line":63,"column":64}},"18":{"start":{"line":66,"column":56},"end":{"line":66,"column":75}},"19":{"start":{"line":67,"column":52},"end":{"line":67,"column":72}},"20":{"start":{"line":70,"column":38},"end":{"line":70,"column":62}},"21":{"start":{"line":72,"column":2},"end":{"line":475,"column":113}},"22":{"start":{"line":73,"column":4},"end":{"line":73,"column":63}},"23":{"start":{"line":74,"column":4},"end":{"line":74,"column":61}},"24":{"start":{"line":76,"column":4},"end":{"line":76,"column":53}},"25":{"start":{"line":79,"column":4},"end":{"line":79,"column":26}},"26":{"start":{"line":82,"column":25},"end":{"line":82,"column":45}},"27":{"start":{"line":85,"column":14},"end":{"line":88,"column":35}},"28":{"start":{"line":90,"column":12},"end":{"line":90,"column":13}},"29":{"start":{"line":91,"column":27},"end":{"line":91,"column":30}},"30":{"start":{"line":96,"column":20},"end":{"line":101,"column":5}},"31":{"start":{"line":103,"column":4},"end":{"line":114,"column":5}},"32":{"start":{"line":104,"column":6},"end":{"line":109,"column":8}},"33":{"start":{"line":107,"column":10},"end":{"line":107,"column":28}},"34":{"start":{"line":111,"column":6},"end":{"line":113,"column":9}},"35":{"start":{"line":112,"column":8},"end":{"line":112,"column":26}},"36":{"start":{"line":117,"column":4},"end":{"line":117,"column":17}},"37":{"start":{"line":118,"column":4},"end":{"line":118,"column":24}},"38":{"start":{"line":120,"column":4},"end":{"line":120,"column":17}},"39":{"start":{"line":123,"column":15},"end":{"line":123,"column":43}},"40":{"start":{"line":126,"column":4},"end":{"line":130,"column":6}},"41":{"start":{"line":133,"column":4},"end":{"line":138,"column":6}},"42":{"start":{"line":142,"column":6},"end":{"line":147,"column":8}},"43":{"start":{"line":159,"column":6},"end":{"line":159,"column":20}},"44":{"start":{"line":160,"column":18},"end":{"line":160,"column":36}},"45":{"start":{"line":161,"column":16},"end":{"line":161,"column":43}},"46":{"start":{"line":163,"column":17},"end":{"line":168,"column":8}},"47":{"start":{"line":167,"column":8},"end":{"line":167,"column":36}},"48":{"start":{"line":191,"column":22},"end":{"line":195,"column":28}},"49":{"start":{"line":197,"column":22},"end":{"line":261,"column":10}},"50":{"start":{"line":202,"column":10},"end":{"line":202,"column":57}},"51":{"start":{"line":208,"column":29},"end":{"line":208,"column":31}},"52":{"start":{"line":210,"column":10},"end":{"line":256,"column":11}},"53":{"start":{"line":211,"column":12},"end":{"line":214,"column":13}},"54":{"start":{"line":211,"column":25},"end":{"line":211,"column":26}},"55":{"start":{"line":213,"column":14},"end":{"line":213,"column":48}},"56":{"start":{"line":216,"column":12},"end":{"line":216,"column":79}},"57":{"start":{"line":223,"column":29},"end":{"line":223,"column":61}},"58":{"start":{"line":225,"column":28},"end":{"line":248,"column":13}},"59":{"start":{"line":226,"column":24},"end":{"line":226,"column":26}},"60":{"start":{"line":227,"column":28},"end":{"line":227,"column":30}},"61":{"start":{"line":228,"column":14},"end":{"line":246,"column":15}},"62":{"start":{"line":229,"column":29},"end":{"line":229,"column":37}},"63":{"start":{"line":231,"column":16},"end":{"line":231,"column":55}},"64":{"start":{"line":231,"column":36},"end":{"line":231,"column":55}},"65":{"start":{"line":232,"column":16},"end":{"line":232,"column":48}},"66":{"start":{"line":232,"column":36},"end":{"line":232,"column":48}},"67":{"start":{"line":234,"column":16},"end":{"line":245,"column":17}},"68":{"start":{"line":235,"column":18},"end":{"line":235,"column":47}},"69":{"start":{"line":236,"column":18},"end":{"line":236,"column":54}},"70":{"start":{"line":237,"column":18},"end":{"line":244,"column":21}},"71":{"start":{"line":238,"column":20},"end":{"line":238,"column":55}},"72":{"start":{"line":240,"column":20},"end":{"line":244,"column":21}},"73":{"start":{"line":241,"column":36},"end":{"line":241,"column":40}},"74":{"start":{"line":242,"column":35},"end":{"line":242,"column":45}},"75":{"start":{"line":243,"column":22},"end":{"line":243,"column":60}},"76":{"start":{"line":247,"column":14},"end":{"line":247,"column":45}},"77":{"start":{"line":251,"column":12},"end":{"line":255,"column":56}},"78":{"start":{"line":259,"column":10},"end":{"line":259,"column":75}},"79":{"start":{"line":260,"column":10},"end":{"line":260,"column":38}},"80":{"start":{"line":264,"column":6},"end":{"line":270,"column":35}},"81":{"start":{"line":274,"column":6},"end":{"line":283,"column":32}},"82":{"start":{"line":277,"column":40},"end":{"line":277,"column":70}},"83":{"start":{"line":279,"column":10},"end":{"line":279,"column":65}},"84":{"start":{"line":281,"column":34},"end":{"line":281,"column":45}},"85":{"start":{"line":285,"column":23},"end":{"line":285,"column":44}},"86":{"start":{"line":288,"column":6},"end":{"line":293,"column":11}},"87":{"start":{"line":292,"column":10},"end":{"line":292,"column":88}},"88":{"start":{"line":296,"column":6},"end":{"line":302,"column":35}},"89":{"start":{"line":304,"column":21},"end":{"line":311,"column":17}},"90":{"start":{"line":309,"column":10},"end":{"line":309,"column":55}},"91":{"start":{"line":313,"column":17},"end":{"line":319,"column":10}},"92":{"start":{"line":318,"column":10},"end":{"line":318,"column":22}},"93":{"start":{"line":321,"column":22},"end":{"line":330,"column":10}},"94":{"start":{"line":328,"column":18},"end":{"line":328,"column":46}},"95":{"start":{"line":329,"column":10},"end":{"line":329,"column":32}},"96":{"start":{"line":332,"column":23},"end":{"line":332,"column":44}},"97":{"start":{"line":334,"column":6},"end":{"line":341,"column":11}},"98":{"start":{"line":340,"column":10},"end":{"line":340,"column":39}},"99":{"start":{"line":343,"column":21},"end":{"line":353,"column":17}},"100":{"start":{"line":350,"column":18},"end":{"line":350,"column":44}},"101":{"start":{"line":351,"column":10},"end":{"line":351,"column":32}},"102":{"start":{"line":355,"column":6},"end":{"line":358,"column":9}},"103":{"start":{"line":356,"column":8},"end":{"line":356,"column":19}},"104":{"start":{"line":357,"column":8},"end":{"line":357,"column":19}},"105":{"start":{"line":361,"column":8},"end":{"line":371,"column":9}},"106":{"start":{"line":362,"column":10},"end":{"line":365,"column":33}},"107":{"start":{"line":367,"column":10},"end":{"line":370,"column":33}},"108":{"start":{"line":372,"column":8},"end":{"line":372,"column":20}},"109":{"start":{"line":376,"column":8},"end":{"line":382,"column":9}},"110":{"start":{"line":377,"column":10},"end":{"line":377,"column":35}},"111":{"start":{"line":378,"column":10},"end":{"line":378,"column":28}},"112":{"start":{"line":380,"column":10},"end":{"line":380,"column":35}},"113":{"start":{"line":381,"column":10},"end":{"line":381,"column":29}},"114":{"start":{"line":384,"column":8},"end":{"line":384,"column":18}},"115":{"start":{"line":385,"column":22},"end":{"line":385,"column":24}},"116":{"start":{"line":386,"column":8},"end":{"line":391,"column":9}},"117":{"start":{"line":387,"column":10},"end":{"line":389,"column":11}},"118":{"start":{"line":387,"column":23},"end":{"line":387,"column":24}},"119":{"start":{"line":388,"column":12},"end":{"line":388,"column":46}},"120":{"start":{"line":390,"column":10},"end":{"line":390,"column":48}},"121":{"start":{"line":395,"column":6},"end":{"line":395,"column":27}},"122":{"start":{"line":399,"column":8},"end":{"line":401,"column":9}},"123":{"start":{"line":400,"column":10},"end":{"line":400,"column":21}},"124":{"start":{"line":402,"column":8},"end":{"line":402,"column":20}},"125":{"start":{"line":406,"column":32},"end":{"line":406,"column":34}},"126":{"start":{"line":408,"column":8},"end":{"line":422,"column":9}},"127":{"start":{"line":408,"column":21},"end":{"line":408,"column":22}},"128":{"start":{"line":409,"column":28},"end":{"line":409,"column":30}},"129":{"start":{"line":410,"column":23},"end":{"line":410,"column":40}},"130":{"start":{"line":412,"column":10},"end":{"line":412,"column":71}},"131":{"start":{"line":413,"column":10},"end":{"line":413,"column":27}},"132":{"start":{"line":415,"column":10},"end":{"line":419,"column":11}},"133":{"start":{"line":416,"column":12},"end":{"line":416,"column":36}},"134":{"start":{"line":418,"column":12},"end":{"line":418,"column":40}},"135":{"start":{"line":421,"column":10},"end":{"line":421,"column":32}},"136":{"start":{"line":424,"column":8},"end":{"line":424,"column":26}},"137":{"start":{"line":428,"column":8},"end":{"line":435,"column":9}},"138":{"start":{"line":429,"column":10},"end":{"line":432,"column":11}},"139":{"start":{"line":431,"column":12},"end":{"line":431,"column":23}},"140":{"start":{"line":434,"column":10},"end":{"line":434,"column":21}},"141":{"start":{"line":437,"column":8},"end":{"line":437,"column":18}},"142":{"start":{"line":441,"column":8},"end":{"line":441,"column":54}},"143":{"start":{"line":441,"column":33},"end":{"line":441,"column":54}},"144":{"start":{"line":442,"column":8},"end":{"line":442,"column":56}},"145":{"start":{"line":447,"column":8},"end":{"line":471,"column":9}},"146":{"start":{"line":448,"column":10},"end":{"line":451,"column":11}},"147":{"start":{"line":450,"column":12},"end":{"line":450,"column":28}},"148":{"start":{"line":453,"column":24},"end":{"line":453,"column":29}},"149":{"start":{"line":454,"column":28},"end":{"line":454,"column":33}},"150":{"start":{"line":455,"column":10},"end":{"line":462,"column":11}},"151":{"start":{"line":455,"column":23},"end":{"line":455,"column":24}},"152":{"start":{"line":456,"column":12},"end":{"line":458,"column":13}},"153":{"start":{"line":457,"column":14},"end":{"line":457,"column":29}},"154":{"start":{"line":459,"column":12},"end":{"line":461,"column":13}},"155":{"start":{"line":460,"column":14},"end":{"line":460,"column":33}},"156":{"start":{"line":463,"column":10},"end":{"line":465,"column":11}},"157":{"start":{"line":464,"column":12},"end":{"line":464,"column":33}},"158":{"start":{"line":466,"column":10},"end":{"line":470,"column":11}},"159":{"start":{"line":467,"column":12},"end":{"line":467,"column":29}},"160":{"start":{"line":469,"column":12},"end":{"line":469,"column":29}},"161":{"start":{"line":472,"column":8},"end":{"line":472,"column":22}},"162":{"start":{"line":479,"column":19},"end":{"line":479,"column":38}},"163":{"start":{"line":481,"column":4},"end":{"line":491,"column":5}},"164":{"start":{"line":482,"column":6},"end":{"line":482,"column":33}},"165":{"start":{"line":483,"column":6},"end":{"line":483,"column":38}},"166":{"start":{"line":484,"column":6},"end":{"line":484,"column":37}},"167":{"start":{"line":485,"column":6},"end":{"line":485,"column":33}},"168":{"start":{"line":487,"column":6},"end":{"line":487,"column":34}},"169":{"start":{"line":488,"column":6},"end":{"line":488,"column":37}},"170":{"start":{"line":489,"column":6},"end":{"line":489,"column":45}},"171":{"start":{"line":490,"column":6},"end":{"line":490,"column":29}},"172":{"start":{"line":495,"column":21},"end":{"line":502,"column":3}},"173":{"start":{"line":496,"column":4},"end":{"line":496,"column":29}},"174":{"start":{"line":497,"column":4},"end":{"line":497,"column":31}},"175":{"start":{"line":498,"column":4},"end":{"line":498,"column":31}},"176":{"start":{"line":499,"column":4},"end":{"line":499,"column":27}},"177":{"start":{"line":500,"column":4},"end":{"line":500,"column":32}},"178":{"start":{"line":501,"column":4},"end":{"line":501,"column":36}},"179":{"start":{"line":504,"column":2},"end":{"line":723,"column":4}},"180":{"start":{"line":520,"column":26},"end":{"line":520,"column":50}},"181":{"start":{"line":521,"column":14},"end":{"line":521,"column":36}},"182":{"start":{"line":522,"column":14},"end":{"line":522,"column":48}},"183":{"start":{"line":538,"column":26},"end":{"line":538,"column":50}},"184":{"start":{"line":539,"column":14},"end":{"line":539,"column":40}},"185":{"start":{"line":540,"column":14},"end":{"line":540,"column":47}},"186":{"start":{"line":553,"column":12},"end":{"line":553,"column":37}},"187":{"start":{"line":554,"column":12},"end":{"line":554,"column":39}},"188":{"start":{"line":567,"column":12},"end":{"line":567,"column":39}},"189":{"start":{"line":587,"column":14},"end":{"line":640,"column":20}},"190":{"start":{"line":593,"column":20},"end":{"line":616,"column":21}},"191":{"start":{"line":601,"column":22},"end":{"line":604,"column":24}},"192":{"start":{"line":605,"column":27},"end":{"line":616,"column":21}},"193":{"start":{"line":613,"column":22},"end":{"line":615,"column":24}},"194":{"start":{"line":618,"column":20},"end":{"line":633,"column":23}},"195":{"start":{"line":619,"column":22},"end":{"line":632,"column":23}},"196":{"start":{"line":623,"column":24},"end":{"line":626,"column":26}},"197":{"start":{"line":627,"column":29},"end":{"line":632,"column":23}},"198":{"start":{"line":631,"column":24},"end":{"line":631,"column":62}},"199":{"start":{"line":635,"column":20},"end":{"line":635,"column":59}},"200":{"start":{"line":636,"column":20},"end":{"line":636,"column":44}},"201":{"start":{"line":658,"column":14},"end":{"line":712,"column":20}},"202":{"start":{"line":664,"column":20},"end":{"line":687,"column":21}},"203":{"start":{"line":672,"column":22},"end":{"line":675,"column":24}},"204":{"start":{"line":676,"column":27},"end":{"line":687,"column":21}},"205":{"start":{"line":684,"column":22},"end":{"line":686,"column":24}},"206":{"start":{"line":689,"column":20},"end":{"line":706,"column":25}},"207":{"start":{"line":692,"column":24},"end":{"line":705,"column":25}},"208":{"start":{"line":696,"column":26},"end":{"line":699,"column":28}},"209":{"start":{"line":700,"column":31},"end":{"line":705,"column":25}},"210":{"start":{"line":704,"column":26},"end":{"line":704,"column":68}},"211":{"start":{"line":707,"column":20},"end":{"line":707,"column":67}},"212":{"start":{"line":708,"column":20},"end":{"line":708,"column":44}}},"fnMap":{"0":{"name":"(anonymous_0)","decl":{"start":{"line":21,"column":64},"end":{"line":21,"column":65}},"loc":{"start":{"line":29,"column":8},"end":{"line":724,"column":1}},"line":29},"1":{"name":"(anonymous_1)","decl":{"start":{"line":72,"column":12},"end":{"line":72,"column":13}},"loc":{"start":{"line":72,"column":18},"end":{"line":475,"column":3}},"line":72},"2":{"name":"(anonymous_2)","decl":{"start":{"line":106,"column":8},"end":{"line":106,"column":9}},"loc":{"start":{"line":106,"column":40},"end":{"line":108,"column":9}},"line":106},"3":{"name":"(anonymous_3)","decl":{"start":{"line":111,"column":45},"end":{"line":111,"column":46}},"loc":{"start":{"line":111,"column":77},"end":{"line":113,"column":7}},"line":111},"4":{"name":"zoomed","decl":{"start":{"line":141,"column":13},"end":{"line":141,"column":19}},"loc":{"start":{"line":141,"column":22},"end":{"line":148,"column":5}},"line":141},"5":{"name":"update","decl":{"start":{"line":157,"column":13},"end":{"line":157,"column":19}},"loc":{"start":{"line":157,"column":33},"end":{"line":474,"column":5}},"line":157},"6":{"name":"(anonymous_6)","decl":{"start":{"line":166,"column":19},"end":{"line":166,"column":20}},"loc":{"start":{"line":166,"column":45},"end":{"line":168,"column":7}},"line":166},"7":{"name":"(anonymous_7)","decl":{"start":{"line":201,"column":27},"end":{"line":201,"column":28}},"loc":{"start":{"line":201,"column":47},"end":{"line":204,"column":9}},"line":201},"8":{"name":"(anonymous_8)","decl":{"start":{"line":206,"column":25},"end":{"line":206,"column":26}},"loc":{"start":{"line":206,"column":60},"end":{"line":257,"column":9}},"line":206},"9":{"name":"(anonymous_9)","decl":{"start":{"line":225,"column":28},"end":{"line":225,"column":29}},"loc":{"start":{"line":225,"column":50},"end":{"line":248,"column":13}},"line":225},"10":{"name":"(anonymous_10)","decl":{"start":{"line":258,"column":24},"end":{"line":258,"column":25}},"loc":{"start":{"line":258,"column":59},"end":{"line":261,"column":9}},"line":258},"11":{"name":"(anonymous_11)","decl":{"start":{"line":277,"column":19},"end":{"line":277,"column":20}},"loc":{"start":{"line":277,"column":40},"end":{"line":277,"column":70}},"line":277},"12":{"name":"(anonymous_12)","decl":{"start":{"line":278,"column":29},"end":{"line":278,"column":30}},"loc":{"start":{"line":278,"column":55},"end":{"line":280,"column":9}},"line":278},"13":{"name":"(anonymous_13)","decl":{"start":{"line":281,"column":14},"end":{"line":281,"column":15}},"loc":{"start":{"line":281,"column":34},"end":{"line":281,"column":45}},"line":281},"14":{"name":"(anonymous_14)","decl":{"start":{"line":291,"column":27},"end":{"line":291,"column":28}},"loc":{"start":{"line":291,"column":53},"end":{"line":293,"column":9}},"line":291},"15":{"name":"(anonymous_15)","decl":{"start":{"line":308,"column":27},"end":{"line":308,"column":28}},"loc":{"start":{"line":308,"column":53},"end":{"line":310,"column":9}},"line":308},"16":{"name":"(anonymous_16)","decl":{"start":{"line":317,"column":21},"end":{"line":317,"column":22}},"loc":{"start":{"line":317,"column":47},"end":{"line":319,"column":9}},"line":317},"17":{"name":"(anonymous_17)","decl":{"start":{"line":327,"column":19},"end":{"line":327,"column":20}},"loc":{"start":{"line":327,"column":45},"end":{"line":330,"column":9}},"line":327},"18":{"name":"(anonymous_18)","decl":{"start":{"line":339,"column":19},"end":{"line":339,"column":20}},"loc":{"start":{"line":339,"column":45},"end":{"line":341,"column":9}},"line":339},"19":{"name":"(anonymous_19)","decl":{"start":{"line":349,"column":19},"end":{"line":349,"column":20}},"loc":{"start":{"line":349,"column":45},"end":{"line":352,"column":9}},"line":349},"20":{"name":"(anonymous_20)","decl":{"start":{"line":355,"column":20},"end":{"line":355,"column":21}},"loc":{"start":{"line":355,"column":44},"end":{"line":358,"column":7}},"line":355},"21":{"name":"diagonal","decl":{"start":{"line":360,"column":15},"end":{"line":360,"column":23}},"loc":{"start":{"line":360,"column":48},"end":{"line":373,"column":7}},"line":360},"22":{"name":"click","decl":{"start":{"line":375,"column":15},"end":{"line":375,"column":20}},"loc":{"start":{"line":375,"column":35},"end":{"line":392,"column":7}},"line":375},"23":{"name":"formatMouseoverXValue","decl":{"start":{"line":398,"column":15},"end":{"line":398,"column":36}},"loc":{"start":{"line":398,"column":66},"end":{"line":403,"column":7}},"line":398},"24":{"name":"formatAtomSelectorText","decl":{"start":{"line":405,"column":15},"end":{"line":405,"column":37}},"loc":{"start":{"line":405,"column":74},"end":{"line":425,"column":7}},"line":405},"25":{"name":"determineSize","decl":{"start":{"line":427,"column":15},"end":{"line":427,"column":28}},"loc":{"start":{"line":427,"column":45},"end":{"line":438,"column":7}},"line":427},"26":{"name":"borderColor","decl":{"start":{"line":440,"column":15},"end":{"line":440,"column":26}},"loc":{"start":{"line":440,"column":43},"end":{"line":443,"column":7}},"line":440},"27":{"name":"colorComponents","decl":{"start":{"line":445,"column":15},"end":{"line":445,"column":30}},"loc":{"start":{"line":445,"column":47},"end":{"line":473,"column":7}},"line":445},"28":{"name":"openDropdown","decl":{"start":{"line":478,"column":11},"end":{"line":478,"column":23}},"loc":{"start":{"line":478,"column":45},"end":{"line":492,"column":3}},"line":478},"29":{"name":"(anonymous_29)","decl":{"start":{"line":495,"column":21},"end":{"line":495,"column":22}},"loc":{"start":{"line":495,"column":27},"end":{"line":502,"column":3}},"line":495},"30":{"name":"(anonymous_30)","decl":{"start":{"line":519,"column":22},"end":{"line":519,"column":23}},"loc":{"start":{"line":519,"column":29},"end":{"line":523,"column":13}},"line":519},"31":{"name":"(anonymous_31)","decl":{"start":{"line":537,"column":22},"end":{"line":537,"column":23}},"loc":{"start":{"line":537,"column":29},"end":{"line":541,"column":13}},"line":537},"32":{"name":"(anonymous_32)","decl":{"start":{"line":552,"column":19},"end":{"line":552,"column":20}},"loc":{"start":{"line":552,"column":25},"end":{"line":555,"column":11}},"line":552},"33":{"name":"(anonymous_33)","decl":{"start":{"line":566,"column":19},"end":{"line":566,"column":20}},"loc":{"start":{"line":566,"column":25},"end":{"line":568,"column":11}},"line":566},"34":{"name":"(anonymous_34)","decl":{"start":{"line":586,"column":26},"end":{"line":586,"column":27}},"loc":{"start":{"line":587,"column":14},"end":{"line":640,"column":20}},"line":587},"35":{"name":"(anonymous_35)","decl":{"start":{"line":592,"column":27},"end":{"line":592,"column":28}},"loc":{"start":{"line":592,"column":36},"end":{"line":637,"column":19}},"line":592},"36":{"name":"(anonymous_36)","decl":{"start":{"line":618,"column":69},"end":{"line":618,"column":70}},"loc":{"start":{"line":618,"column":77},"end":{"line":633,"column":21}},"line":618},"37":{"name":"(anonymous_37)","decl":{"start":{"line":657,"column":30},"end":{"line":657,"column":31}},"loc":{"start":{"line":658,"column":14},"end":{"line":712,"column":20}},"line":658},"38":{"name":"(anonymous_38)","decl":{"start":{"line":663,"column":27},"end":{"line":663,"column":28}},"loc":{"start":{"line":663,"column":36},"end":{"line":709,"column":19}},"line":663},"39":{"name":"(anonymous_39)","decl":{"start":{"line":691,"column":31},"end":{"line":691,"column":32}},"loc":{"start":{"line":691,"column":39},"end":{"line":706,"column":23}},"line":691}},"branchMap":{"0":{"loc":{"start":{"line":103,"column":4},"end":{"line":114,"column":5}},"type":"if","locations":[{"start":{"line":103,"column":4},"end":{"line":114,"column":5}},{"start":{"line":110,"column":11},"end":{"line":114,"column":5}}],"line":103},"1":{"loc":{"start":{"line":167,"column":15},"end":{"line":167,"column":35}},"type":"binary-expr","locations":[{"start":{"line":167,"column":15},"end":{"line":167,"column":19}},{"start":{"line":167,"column":24},"end":{"line":167,"column":34}}],"line":167},"2":{"loc":{"start":{"line":210,"column":10},"end":{"line":256,"column":11}},"type":"if","locations":[{"start":{"line":210,"column":10},"end":{"line":256,"column":11}},{"start":{},"end":{}}],"line":210},"3":{"loc":{"start":{"line":231,"column":16},"end":{"line":231,"column":55}},"type":"if","locations":[{"start":{"line":231,"column":16},"end":{"line":231,"column":55}},{"start":{},"end":{}}],"line":231},"4":{"loc":{"start":{"line":232,"column":16},"end":{"line":232,"column":48}},"type":"if","locations":[{"start":{"line":232,"column":16},"end":{"line":232,"column":48}},{"start":{},"end":{}}],"line":232},"5":{"loc":{"start":{"line":234,"column":16},"end":{"line":245,"column":17}},"type":"if","locations":[{"start":{"line":234,"column":16},"end":{"line":245,"column":17}},{"start":{},"end":{}}],"line":234},"6":{"loc":{"start":{"line":237,"column":18},"end":{"line":244,"column":21}},"type":"if","locations":[{"start":{"line":237,"column":18},"end":{"line":244,"column":21}},{"start":{"line":240,"column":20},"end":{"line":244,"column":21}}],"line":237},"7":{"loc":{"start":{"line":277,"column":40},"end":{"line":277,"column":70}},"type":"cond-expr","locations":[{"start":{"line":277,"column":61},"end":{"line":277,"column":64}},{"start":{"line":277,"column":67},"end":{"line":277,"column":70}}],"line":277},"8":{"loc":{"start":{"line":279,"column":17},"end":{"line":279,"column":64}},"type":"cond-expr","locations":[{"start":{"line":279,"column":45},"end":{"line":279,"column":53}},{"start":{"line":279,"column":56},"end":{"line":279,"column":64}}],"line":279},"9":{"loc":{"start":{"line":279,"column":17},"end":{"line":279,"column":42}},"type":"binary-expr","locations":[{"start":{"line":279,"column":17},"end":{"line":279,"column":27}},{"start":{"line":279,"column":31},"end":{"line":279,"column":42}}],"line":279},"10":{"loc":{"start":{"line":292,"column":17},"end":{"line":292,"column":87}},"type":"cond-expr","locations":[{"start":{"line":292,"column":30},"end":{"line":292,"column":57}},{"start":{"line":292,"column":60},"end":{"line":292,"column":87}}],"line":292},"11":{"loc":{"start":{"line":361,"column":8},"end":{"line":371,"column":9}},"type":"if","locations":[{"start":{"line":361,"column":8},"end":{"line":371,"column":9}},{"start":{"line":366,"column":15},"end":{"line":371,"column":9}}],"line":361},"12":{"loc":{"start":{"line":376,"column":8},"end":{"line":382,"column":9}},"type":"if","locations":[{"start":{"line":376,"column":8},"end":{"line":382,"column":9}},{"start":{"line":379,"column":15},"end":{"line":382,"column":9}}],"line":376},"13":{"loc":{"start":{"line":386,"column":8},"end":{"line":391,"column":9}},"type":"if","locations":[{"start":{"line":386,"column":8},"end":{"line":391,"column":9}},{"start":{},"end":{}}],"line":386},"14":{"loc":{"start":{"line":399,"column":8},"end":{"line":401,"column":9}},"type":"if","locations":[{"start":{"line":399,"column":8},"end":{"line":401,"column":9}},{"start":{},"end":{}}],"line":399},"15":{"loc":{"start":{"line":412,"column":22},"end":{"line":412,"column":70}},"type":"cond-expr","locations":[{"start":{"line":412,"column":51},"end":{"line":412,"column":57}},{"start":{"line":412,"column":60},"end":{"line":412,"column":70}}],"line":412},"16":{"loc":{"start":{"line":415,"column":10},"end":{"line":419,"column":11}},"type":"if","locations":[{"start":{"line":415,"column":10},"end":{"line":419,"column":11}},{"start":{"line":417,"column":17},"end":{"line":419,"column":11}}],"line":415},"17":{"loc":{"start":{"line":428,"column":8},"end":{"line":435,"column":9}},"type":"if","locations":[{"start":{"line":428,"column":8},"end":{"line":435,"column":9}},{"start":{},"end":{}}],"line":428},"18":{"loc":{"start":{"line":428,"column":12},"end":{"line":428,"column":59}},"type":"binary-expr","locations":[{"start":{"line":428,"column":12},"end":{"line":428,"column":30}},{"start":{"line":428,"column":34},"end":{"line":428,"column":59}}],"line":428},"19":{"loc":{"start":{"line":429,"column":10},"end":{"line":432,"column":11}},"type":"if","locations":[{"start":{"line":429,"column":10},"end":{"line":432,"column":11}},{"start":{},"end":{}}],"line":429},"20":{"loc":{"start":{"line":441,"column":8},"end":{"line":441,"column":54}},"type":"if","locations":[{"start":{"line":441,"column":8},"end":{"line":441,"column":54}},{"start":{},"end":{}}],"line":441},"21":{"loc":{"start":{"line":442,"column":15},"end":{"line":442,"column":55}},"type":"cond-expr","locations":[{"start":{"line":442,"column":37},"end":{"line":442,"column":46}},{"start":{"line":442,"column":49},"end":{"line":442,"column":55}}],"line":442},"22":{"loc":{"start":{"line":447,"column":8},"end":{"line":471,"column":9}},"type":"if","locations":[{"start":{"line":447,"column":8},"end":{"line":471,"column":9}},{"start":{},"end":{}}],"line":447},"23":{"loc":{"start":{"line":447,"column":12},"end":{"line":447,"column":59}},"type":"binary-expr","locations":[{"start":{"line":447,"column":12},"end":{"line":447,"column":30}},{"start":{"line":447,"column":34},"end":{"line":447,"column":59}}],"line":447},"24":{"loc":{"start":{"line":448,"column":10},"end":{"line":451,"column":11}},"type":"if","locations":[{"start":{"line":448,"column":10},"end":{"line":451,"column":11}},{"start":{},"end":{}}],"line":448},"25":{"loc":{"start":{"line":456,"column":12},"end":{"line":458,"column":13}},"type":"if","locations":[{"start":{"line":456,"column":12},"end":{"line":458,"column":13}},{"start":{},"end":{}}],"line":456},"26":{"loc":{"start":{"line":459,"column":12},"end":{"line":461,"column":13}},"type":"if","locations":[{"start":{"line":459,"column":12},"end":{"line":461,"column":13}},{"start":{},"end":{}}],"line":459},"27":{"loc":{"start":{"line":463,"column":10},"end":{"line":465,"column":11}},"type":"if","locations":[{"start":{"line":463,"column":10},"end":{"line":465,"column":11}},{"start":{},"end":{}}],"line":463},"28":{"loc":{"start":{"line":463,"column":14},"end":{"line":463,"column":36}},"type":"binary-expr","locations":[{"start":{"line":463,"column":14},"end":{"line":463,"column":21}},{"start":{"line":463,"column":25},"end":{"line":463,"column":36}}],"line":463},"29":{"loc":{"start":{"line":466,"column":10},"end":{"line":470,"column":11}},"type":"if","locations":[{"start":{"line":466,"column":10},"end":{"line":470,"column":11}},{"start":{"line":468,"column":17},"end":{"line":470,"column":11}}],"line":466},"30":{"loc":{"start":{"line":481,"column":4},"end":{"line":491,"column":5}},"type":"if","locations":[{"start":{"line":481,"column":4},"end":{"line":491,"column":5}},{"start":{"line":486,"column":11},"end":{"line":491,"column":5}}],"line":481},"31":{"loc":{"start":{"line":511,"column":14},"end":{"line":511,"column":36}},"type":"cond-expr","locations":[{"start":{"line":511,"column":27},"end":{"line":511,"column":30}},{"start":{"line":511,"column":33},"end":{"line":511,"column":36}}],"line":511},"32":{"loc":{"start":{"line":529,"column":14},"end":{"line":529,"column":36}},"type":"cond-expr","locations":[{"start":{"line":529,"column":27},"end":{"line":529,"column":30}},{"start":{"line":529,"column":33},"end":{"line":529,"column":36}}],"line":529},"33":{"loc":{"start":{"line":550,"column":19},"end":{"line":550,"column":52}},"type":"cond-expr","locations":[{"start":{"line":550,"column":31},"end":{"line":550,"column":40}},{"start":{"line":550,"column":43},"end":{"line":550,"column":52}}],"line":550},"34":{"loc":{"start":{"line":557,"column":13},"end":{"line":557,"column":46}},"type":"cond-expr","locations":[{"start":{"line":557,"column":25},"end":{"line":557,"column":33}},{"start":{"line":557,"column":36},"end":{"line":557,"column":46}}],"line":557},"35":{"loc":{"start":{"line":564,"column":19},"end":{"line":564,"column":53}},"type":"cond-expr","locations":[{"start":{"line":564,"column":32},"end":{"line":564,"column":41}},{"start":{"line":564,"column":44},"end":{"line":564,"column":53}}],"line":564},"36":{"loc":{"start":{"line":570,"column":13},"end":{"line":570,"column":51}},"type":"cond-expr","locations":[{"start":{"line":570,"column":26},"end":{"line":570,"column":38}},{"start":{"line":570,"column":41},"end":{"line":570,"column":51}}],"line":570},"37":{"loc":{"start":{"line":577,"column":19},"end":{"line":577,"column":61}},"type":"cond-expr","locations":[{"start":{"line":577,"column":36},"end":{"line":577,"column":46}},{"start":{"line":577,"column":49},"end":{"line":577,"column":61}}],"line":577},"38":{"loc":{"start":{"line":580,"column":12},"end":{"line":580,"column":80}},"type":"cond-expr","locations":[{"start":{"line":580,"column":32},"end":{"line":580,"column":52}},{"start":{"line":580,"column":55},"end":{"line":580,"column":80}}],"line":580},"39":{"loc":{"start":{"line":584,"column":9},"end":{"line":643,"column":9}},"type":"binary-expr","locations":[{"start":{"line":584,"column":9},"end":{"line":584,"column":21}},{"start":{"line":585,"column":10},"end":{"line":642,"column":16}}],"line":584},"40":{"loc":{"start":{"line":593,"column":20},"end":{"line":616,"column":21}},"type":"if","locations":[{"start":{"line":593,"column":20},"end":{"line":616,"column":21}},{"start":{"line":605,"column":27},"end":{"line":616,"column":21}}],"line":593},"41":{"loc":{"start":{"line":594,"column":22},"end":{"line":599,"column":23}},"type":"binary-expr","locations":[{"start":{"line":594,"column":22},"end":{"line":596,"column":23}},{"start":{"line":597,"column":22},"end":{"line":599,"column":23}}],"line":594},"42":{"loc":{"start":{"line":605,"column":27},"end":{"line":616,"column":21}},"type":"if","locations":[{"start":{"line":605,"column":27},"end":{"line":616,"column":21}},{"start":{},"end":{}}],"line":605},"43":{"loc":{"start":{"line":606,"column":22},"end":{"line":611,"column":23}},"type":"binary-expr","locations":[{"start":{"line":606,"column":22},"end":{"line":608,"column":23}},{"start":{"line":609,"column":22},"end":{"line":611,"column":23}}],"line":606},"44":{"loc":{"start":{"line":619,"column":22},"end":{"line":632,"column":23}},"type":"if","locations":[{"start":{"line":619,"column":22},"end":{"line":632,"column":23}},{"start":{"line":627,"column":29},"end":{"line":632,"column":23}}],"line":619},"45":{"loc":{"start":{"line":620,"column":24},"end":{"line":621,"column":63}},"type":"binary-expr","locations":[{"start":{"line":620,"column":24},"end":{"line":620,"column":51}},{"start":{"line":621,"column":24},"end":{"line":621,"column":63}}],"line":620},"46":{"loc":{"start":{"line":627,"column":29},"end":{"line":632,"column":23}},"type":"if","locations":[{"start":{"line":627,"column":29},"end":{"line":632,"column":23}},{"start":{},"end":{}}],"line":627},"47":{"loc":{"start":{"line":628,"column":24},"end":{"line":629,"column":67}},"type":"binary-expr","locations":[{"start":{"line":628,"column":24},"end":{"line":628,"column":51}},{"start":{"line":629,"column":24},"end":{"line":629,"column":67}}],"line":628},"48":{"loc":{"start":{"line":646,"column":19},"end":{"line":646,"column":61}},"type":"cond-expr","locations":[{"start":{"line":646,"column":36},"end":{"line":646,"column":46}},{"start":{"line":646,"column":49},"end":{"line":646,"column":61}}],"line":646},"49":{"loc":{"start":{"line":649,"column":12},"end":{"line":651,"column":49}},"type":"cond-expr","locations":[{"start":{"line":650,"column":16},"end":{"line":650,"column":44}},{"start":{"line":651,"column":16},"end":{"line":651,"column":49}}],"line":649},"50":{"loc":{"start":{"line":655,"column":9},"end":{"line":715,"column":9}},"type":"binary-expr","locations":[{"start":{"line":655,"column":9},"end":{"line":655,"column":25}},{"start":{"line":656,"column":10},"end":{"line":714,"column":16}}],"line":655},"51":{"loc":{"start":{"line":664,"column":20},"end":{"line":687,"column":21}},"type":"if","locations":[{"start":{"line":664,"column":20},"end":{"line":687,"column":21}},{"start":{"line":676,"column":27},"end":{"line":687,"column":21}}],"line":664},"52":{"loc":{"start":{"line":665,"column":22},"end":{"line":670,"column":23}},"type":"binary-expr","locations":[{"start":{"line":665,"column":22},"end":{"line":667,"column":23}},{"start":{"line":668,"column":22},"end":{"line":670,"column":23}}],"line":665},"53":{"loc":{"start":{"line":676,"column":27},"end":{"line":687,"column":21}},"type":"if","locations":[{"start":{"line":676,"column":27},"end":{"line":687,"column":21}},{"start":{},"end":{}}],"line":676},"54":{"loc":{"start":{"line":677,"column":22},"end":{"line":682,"column":23}},"type":"binary-expr","locations":[{"start":{"line":677,"column":22},"end":{"line":679,"column":23}},{"start":{"line":680,"column":22},"end":{"line":682,"column":23}}],"line":677},"55":{"loc":{"start":{"line":692,"column":24},"end":{"line":705,"column":25}},"type":"if","locations":[{"start":{"line":692,"column":24},"end":{"line":705,"column":25}},{"start":{"line":700,"column":31},"end":{"line":705,"column":25}}],"line":692},"56":{"loc":{"start":{"line":693,"column":26},"end":{"line":694,"column":69}},"type":"binary-expr","locations":[{"start":{"line":693,"column":26},"end":{"line":693,"column":57}},{"start":{"line":694,"column":26},"end":{"line":694,"column":69}}],"line":693},"57":{"loc":{"start":{"line":700,"column":31},"end":{"line":705,"column":25}},"type":"if","locations":[{"start":{"line":700,"column":31},"end":{"line":705,"column":25}},{"start":{},"end":{}}],"line":700},"58":{"loc":{"start":{"line":701,"column":26},"end":{"line":702,"column":73}},"type":"binary-expr","locations":[{"start":{"line":701,"column":26},"end":{"line":701,"column":57}},{"start":{"line":702,"column":26},"end":{"line":702,"column":73}}],"line":701},"59":{"loc":{"start":{"line":718,"column":24},"end":{"line":718,"column":59}},"type":"cond-expr","locations":[{"start":{"line":718,"column":38},"end":{"line":718,"column":54}},{"start":{"line":718,"column":57},"end":{"line":718,"column":59}}],"line":718},"60":{"loc":{"start":{"line":719,"column":12},"end":{"line":719,"column":41}},"type":"cond-expr","locations":[{"start":{"line":719,"column":26},"end":{"line":719,"column":36}},{"start":{"line":719,"column":39},"end":{"line":719,"column":41}}],"line":719}},"s":{"0":1,"1":0,"2":0,"3":0,"4":0,"5":0,"6":0,"7":0,"8":0,"9":0,"10":0,"11":0,"12":0,"13":0,"14":0,"15":0,"16":0,"17":0,"18":0,"19":0,"20":0,"21":0,"22":0,"23":0,"24":0,"25":0,"26":0,"27":0,"28":0,"29":0,"30":0,"31":0,"32":0,"33":0,"34":0,"35":0,"36":0,"37":0,"38":0,"39":0,"40":0,"41":0,"42":0,"43":0,"44":0,"45":0,"46":0,"47":0,"48":0,"49":0,"50":0,"51":0,"52":0,"53":0,"54":0,"55":0,"56":0,"57":0,"58":0,"59":0,"60":0,"61":0,"62":0,"63":0,"64":0,"65":0,"66":0,"67":0,"68":0,"69":0,"70":0,"71":0,"72":0,"73":0,"74":0,"75":0,"76":0,"77":0,"78":0,"79":0,"80":0,"81":0,"82":0,"83":0,"84":0,"85":0,"86":0,"87":0,"88":0,"89":0,"90":0,"91":0,"92":0,"93":0,"94":0,"95":0,"96":0,"97":0,"98":0,"99":0,"100":0,"101":0,"102":0,"103":0,"104":0,"105":0,"106":0,"107":0,"108":0,"109":0,"110":0,"111":0,"112":0,"113":0,"114":0,"115":0,"116":0,"117":0,"118":0,"119":0,"120":0,"121":0,"122":0,"123":0,"124":0,"125":0,"126":0,"127":0,"128":0,"129":0,"130":0,"131":0,"132":0,"133":0,"134":0,"135":0,"136":0,"137":0,"138":0,"139":0,"140":0,"141":0,"142":0,"143":0,"144":0,"145":0,"146":0,"147":0,"148":0,"149":0,"150":0,"151":0,"152":0,"153":0,"154":0,"155":0,"156":0,"157":0,"158":0,"159":0,"160":0,"161":0,"162":0,"163":0,"164":0,"165":0,"166":0,"167":0,"168":0,"169":0,"170":0,"171":0,"172":0,"173":0,"174":0,"175":0,"176":0,"177":0,"178":0,"179":0,"180":0,"181":0,"182":0,"183":0,"184":0,"185":0,"186":0,"187":0,"188":0,"189":0,"190":0,"191":0,"192":0,"193":0,"194":0,"195":0,"196":0,"197":0,"198":0,"199":0,"200":0,"201":0,"202":0,"203":0,"204":0,"205":0,"206":0,"207":0,"208":0,"209":0,"210":0,"211":0,"212":0},"f":{"0":0,"1":0,"2":0,"3":0,"4":0,"5":0,"6":0,"7":0,"8":0,"9":0,"10":0,"11":0,"12":0,"13":0,"14":0,"15":0,"16":0,"17":0,"18":0,"19":0,"20":0,"21":0,"22":0,"23":0,"24":0,"25":0,"26":0,"27":0,"28":0,"29":0,"30":0,"31":0,"32":0,"33":0,"34":0,"35":0,"36":0,"37":0,"38":0,"39":0},"b":{"0":[0,0],"1":[0,0],"2":[0,0],"3":[0,0],"4":[0,0],"5":[0,0],"6":[0,0],"7":[0,0],"8":[0,0],"9":[0,0],"10":[0,0],"11":[0,0],"12":[0,0],"13":[0,0],"14":[0,0],"15":[0,0],"16":[0,0],"17":[0,0],"18":[0,0],"19":[0,0],"20":[0,0],"21":[0,0],"22":[0,0],"23":[0,0],"24":[0,0],"25":[0,0],"26":[0,0],"27":[0,0],"28":[0,0],"29":[0,0],"30":[0,0],"31":[0,0],"32":[0,0],"33":[0,0],"34":[0,0],"35":[0,0],"36":[0,0],"37":[0,0],"38":[0,0],"39":[0,0],"40":[0,0],"41":[0,0],"42":[0,0],"43":[0,0],"44":[0,0],"45":[0,0],"46":[0,0],"47":[0,0],"48":[0,0],"49":[0,0],"50":[0,0],"51":[0,0],"52":[0,0],"53":[0,0],"54":[0,0],"55":[0,0],"56":[0,0],"57":[0,0],"58":[0,0],"59":[0,0],"60":[0,0]},"_coverageSchema":"1a1c01bbd47fc00a2c39e90264f33305004495a9","hash":"51172df7cb9df4d3ea05542fdaf1f3d750b4b4b9"}
,"/Users/anne/Dropbox/Mac/Documents/2023/Codesmith/Week 8/Recoilize4/src/app/components/Metrics/RankedGraph.tsx": {"path":"/Users/anne/Dropbox/Mac/Documents/2023/Codesmith/Week 8/Recoilize4/src/app/components/Metrics/RankedGraph.tsx","statementMap":{"0":{"start":{"line":11,"column":48},"end":{"line":133,"column":1}},"1":{"start":{"line":16,"column":17},"end":{"line":16,"column":25}},"2":{"start":{"line":17,"column":2},"end":{"line":126,"column":13}},"3":{"start":{"line":18,"column":4},"end":{"line":18,"column":53}},"4":{"start":{"line":20,"column":15},"end":{"line":20,"column":17}},"5":{"start":{"line":21,"column":4},"end":{"line":23,"column":5}},"6":{"start":{"line":22,"column":6},"end":{"line":22,"column":17}},"7":{"start":{"line":24,"column":4},"end":{"line":26,"column":5}},"8":{"start":{"line":25,"column":6},"end":{"line":25,"column":17}},"9":{"start":{"line":28,"column":19},"end":{"line":28,"column":57}},"10":{"start":{"line":30,"column":14},"end":{"line":30,"column":60}},"11":{"start":{"line":32,"column":14},"end":{"line":32,"column":54}},"12":{"start":{"line":34,"column":14},"end":{"line":34,"column":60}},"13":{"start":{"line":37,"column":6},"end":{"line":39,"column":28}},"14":{"start":{"line":37,"column":21},"end":{"line":37,"column":38}},"15":{"start":{"line":38,"column":11},"end":{"line":39,"column":28}},"16":{"start":{"line":38,"column":26},"end":{"line":38,"column":43}},"17":{"start":{"line":39,"column":11},"end":{"line":39,"column":28}},"18":{"start":{"line":44,"column":16},"end":{"line":58,"column":77}},"19":{"start":{"line":54,"column":10},"end":{"line":54,"column":52}},"20":{"start":{"line":60,"column":4},"end":{"line":65,"column":7}},"21":{"start":{"line":63,"column":8},"end":{"line":63,"column":32}},"22":{"start":{"line":67,"column":4},"end":{"line":71,"column":6}},"23":{"start":{"line":69,"column":8},"end":{"line":69,"column":32}},"24":{"start":{"line":73,"column":4},"end":{"line":77,"column":6}},"25":{"start":{"line":75,"column":8},"end":{"line":75,"column":60}},"26":{"start":{"line":79,"column":4},"end":{"line":108,"column":37}},"27":{"start":{"line":86,"column":8},"end":{"line":86,"column":48}},"28":{"start":{"line":87,"column":37},"end":{"line":87,"column":61}},"29":{"start":{"line":88,"column":24},"end":{"line":88,"column":33}},"30":{"start":{"line":89,"column":24},"end":{"line":93,"column":9}},"31":{"start":{"line":94,"column":8},"end":{"line":94,"column":50}},"32":{"start":{"line":100,"column":8},"end":{"line":100,"column":35}},"33":{"start":{"line":103,"column":8},"end":{"line":103,"column":45}},"34":{"start":{"line":106,"column":8},"end":{"line":106,"column":35}},"35":{"start":{"line":110,"column":4},"end":{"line":113,"column":30}},"36":{"start":{"line":115,"column":18},"end":{"line":117,"column":6}},"37":{"start":{"line":116,"column":6},"end":{"line":116,"column":29}},"38":{"start":{"line":118,"column":4},"end":{"line":118,"column":27}},"39":{"start":{"line":120,"column":18},"end":{"line":122,"column":6}},"40":{"start":{"line":121,"column":6},"end":{"line":121,"column":29}},"41":{"start":{"line":123,"column":4},"end":{"line":123,"column":27}},"42":{"start":{"line":128,"column":2},"end":{"line":132,"column":4}}},"fnMap":{"0":{"name":"(anonymous_0)","decl":{"start":{"line":11,"column":48},"end":{"line":11,"column":49}},"loc":{"start":{"line":15,"column":24},"end":{"line":133,"column":1}},"line":15},"1":{"name":"(anonymous_1)","decl":{"start":{"line":17,"column":12},"end":{"line":17,"column":13}},"loc":{"start":{"line":17,"column":18},"end":{"line":126,"column":3}},"line":17},"2":{"name":"colorPicker","decl":{"start":{"line":36,"column":13},"end":{"line":36,"column":24}},"loc":{"start":{"line":36,"column":36},"end":{"line":40,"column":5}},"line":36},"3":{"name":"(anonymous_3)","decl":{"start":{"line":53,"column":29},"end":{"line":53,"column":30}},"loc":{"start":{"line":53,"column":41},"end":{"line":55,"column":9}},"line":53},"4":{"name":"(anonymous_4)","decl":{"start":{"line":62,"column":19},"end":{"line":62,"column":20}},"loc":{"start":{"line":62,"column":31},"end":{"line":64,"column":7}},"line":62},"5":{"name":"(anonymous_5)","decl":{"start":{"line":68,"column":15},"end":{"line":68,"column":16}},"loc":{"start":{"line":68,"column":30},"end":{"line":70,"column":7}},"line":68},"6":{"name":"(anonymous_6)","decl":{"start":{"line":74,"column":15},"end":{"line":74,"column":16}},"loc":{"start":{"line":74,"column":30},"end":{"line":76,"column":7}},"line":74},"7":{"name":"(anonymous_7)","decl":{"start":{"line":85,"column":23},"end":{"line":85,"column":24}},"loc":{"start":{"line":85,"column":35},"end":{"line":95,"column":7}},"line":85},"8":{"name":"(anonymous_8)","decl":{"start":{"line":99,"column":21},"end":{"line":99,"column":22}},"loc":{"start":{"line":99,"column":39},"end":{"line":101,"column":7}},"line":99},"9":{"name":"(anonymous_9)","decl":{"start":{"line":102,"column":20},"end":{"line":102,"column":21}},"loc":{"start":{"line":102,"column":38},"end":{"line":104,"column":7}},"line":102},"10":{"name":"(anonymous_10)","decl":{"start":{"line":105,"column":17},"end":{"line":105,"column":18}},"loc":{"start":{"line":105,"column":43},"end":{"line":107,"column":7}},"line":105},"11":{"name":"(anonymous_11)","decl":{"start":{"line":115,"column":44},"end":{"line":115,"column":45}},"loc":{"start":{"line":115,"column":62},"end":{"line":117,"column":5}},"line":115},"12":{"name":"(anonymous_12)","decl":{"start":{"line":120,"column":45},"end":{"line":120,"column":46}},"loc":{"start":{"line":120,"column":63},"end":{"line":122,"column":5}},"line":120}},"branchMap":{"0":{"loc":{"start":{"line":21,"column":4},"end":{"line":23,"column":5}},"type":"if","locations":[{"start":{"line":21,"column":4},"end":{"line":23,"column":5}},{"start":{},"end":{}}],"line":21},"1":{"loc":{"start":{"line":24,"column":4},"end":{"line":26,"column":5}},"type":"if","locations":[{"start":{"line":24,"column":4},"end":{"line":26,"column":5}},{"start":{},"end":{}}],"line":24},"2":{"loc":{"start":{"line":37,"column":6},"end":{"line":39,"column":28}},"type":"if","locations":[{"start":{"line":37,"column":6},"end":{"line":39,"column":28}},{"start":{"line":38,"column":11},"end":{"line":39,"column":28}}],"line":37},"3":{"loc":{"start":{"line":38,"column":11},"end":{"line":39,"column":28}},"type":"if","locations":[{"start":{"line":38,"column":11},"end":{"line":39,"column":28}},{"start":{"line":39,"column":11},"end":{"line":39,"column":28}}],"line":38}},"s":{"0":1,"1":4,"2":4,"3":4,"4":4,"5":4,"6":0,"7":4,"8":0,"9":4,"10":4,"11":4,"12":4,"13":0,"14":0,"15":0,"16":0,"17":0,"18":4,"19":0,"20":4,"21":0,"22":0,"23":0,"24":0,"25":0,"26":0,"27":0,"28":0,"29":0,"30":0,"31":0,"32":0,"33":0,"34":0,"35":0,"36":0,"37":0,"38":0,"39":0,"40":0,"41":0,"42":4},"f":{"0":4,"1":4,"2":0,"3":0,"4":0,"5":0,"6":0,"7":0,"8":0,"9":0,"10":0,"11":0,"12":0},"b":{"0":[0,4],"1":[0,4],"2":[0,0],"3":[0,0]},"_coverageSchema":"1a1c01bbd47fc00a2c39e90264f33305004495a9","hash":"fae05c93782d2cef6a27a882438f17912daa0a3b"}
,"/Users/anne/Dropbox/Mac/Documents/2023/Codesmith/Week 8/Recoilize4/src/app/components/NavBar/NavBar.tsx": {"path":"/Users/anne/Dropbox/Mac/Documents/2023/Codesmith/Week 8/Recoilize4/src/app/components/NavBar/NavBar.tsx","statementMap":{"0":{"start":{"line":12,"column":38},"end":{"line":34,"column":1}},"1":{"start":{"line":14,"column":29},"end":{"line":31,"column":8}},"2":{"start":{"line":15,"column":4},"end":{"line":29,"column":6}},"3":{"start":{"line":25,"column":10},"end":{"line":25,"column":26}},"4":{"start":{"line":30,"column":4},"end":{"line":30,"column":15}},"5":{"start":{"line":33,"column":2},"end":{"line":33,"column":60}}},"fnMap":{"0":{"name":"(anonymous_0)","decl":{"start":{"line":12,"column":38},"end":{"line":12,"column":39}},"loc":{"start":{"line":12,"column":67},"end":{"line":34,"column":1}},"line":12},"1":{"name":"(anonymous_1)","decl":{"start":{"line":14,"column":60},"end":{"line":14,"column":61}},"loc":{"start":{"line":14,"column":78},"end":{"line":31,"column":3}},"line":14},"2":{"name":"(anonymous_2)","decl":{"start":{"line":24,"column":17},"end":{"line":24,"column":18}},"loc":{"start":{"line":24,"column":23},"end":{"line":26,"column":9}},"line":24}},"branchMap":{"0":{"loc":{"start":{"line":20,"column":10},"end":{"line":22,"column":32}},"type":"cond-expr","locations":[{"start":{"line":21,"column":14},"end":{"line":21,"column":60}},{"start":{"line":22,"column":14},"end":{"line":22,"column":32}}],"line":20}},"s":{"0":1,"1":2,"2":3,"3":0,"4":3,"5":2},"f":{"0":2,"1":3,"2":0},"b":{"0":[0,3]},"_coverageSchema":"1a1c01bbd47fc00a2c39e90264f33305004495a9","hash":"37358d3ba51e18310b96bf780cdfb32b9b4c77ee"}
,"/Users/anne/Dropbox/Mac/Documents/2023/Codesmith/Week 8/Recoilize4/src/app/components/Settings/AtomSettings.tsx": {"path":"/Users/anne/Dropbox/Mac/Documents/2023/Codesmith/Week 8/Recoilize4/src/app/components/Settings/AtomSettings.tsx","statementMap":{"0":{"start":{"line":2,"column":22},"end":{"line":2,"column":59}},"1":{"start":{"line":7,"column":31},"end":{"line":53,"column":1}},"2":{"start":{"line":8,"column":19},"end":{"line":8,"column":35}},"3":{"start":{"line":11,"column":26},"end":{"line":13,"column":3}},"4":{"start":{"line":12,"column":13},"end":{"line":12,"column":43}},"5":{"start":{"line":14,"column":22},"end":{"line":14,"column":73}},"6":{"start":{"line":14,"column":46},"end":{"line":14,"column":72}},"7":{"start":{"line":15,"column":19},"end":{"line":15,"column":71}},"8":{"start":{"line":15,"column":43},"end":{"line":15,"column":70}},"9":{"start":{"line":19,"column":35},"end":{"line":19,"column":37}},"10":{"start":{"line":21,"column":2},"end":{"line":24,"column":3}},"11":{"start":{"line":22,"column":31},"end":{"line":22,"column":42}},"12":{"start":{"line":23,"column":4},"end":{"line":23,"column":22}},"13":{"start":{"line":27,"column":37},"end":{"line":27,"column":39}},"14":{"start":{"line":28,"column":2},"end":{"line":30,"column":3}},"15":{"start":{"line":28,"column":15},"end":{"line":28,"column":16}},"16":{"start":{"line":29,"column":4},"end":{"line":29,"column":45}},"17":{"start":{"line":34,"column":19},"end":{"line":36,"column":3}},"18":{"start":{"line":35,"column":4},"end":{"line":35,"column":40}},"19":{"start":{"line":38,"column":19},"end":{"line":40,"column":3}},"20":{"start":{"line":39,"column":4},"end":{"line":39,"column":40}},"21":{"start":{"line":41,"column":2},"end":{"line":52,"column":4}}},"fnMap":{"0":{"name":"(anonymous_0)","decl":{"start":{"line":7,"column":31},"end":{"line":7,"column":32}},"loc":{"start":{"line":7,"column":37},"end":{"line":53,"column":1}},"line":7},"1":{"name":"(anonymous_1)","decl":{"start":{"line":12,"column":4},"end":{"line":12,"column":5}},"loc":{"start":{"line":12,"column":13},"end":{"line":12,"column":43}},"line":12},"2":{"name":"(anonymous_2)","decl":{"start":{"line":14,"column":37},"end":{"line":14,"column":38}},"loc":{"start":{"line":14,"column":46},"end":{"line":14,"column":72}},"line":14},"3":{"name":"(anonymous_3)","decl":{"start":{"line":15,"column":34},"end":{"line":15,"column":35}},"loc":{"start":{"line":15,"column":43},"end":{"line":15,"column":70}},"line":15},"4":{"name":"(anonymous_4)","decl":{"start":{"line":34,"column":19},"end":{"line":34,"column":20}},"loc":{"start":{"line":34,"column":60},"end":{"line":36,"column":3}},"line":34},"5":{"name":"(anonymous_5)","decl":{"start":{"line":38,"column":19},"end":{"line":38,"column":20}},"loc":{"start":{"line":38,"column":60},"end":{"line":40,"column":3}},"line":38}},"branchMap":{},"s":{"0":1,"1":1,"2":4,"3":0,"4":0,"5":0,"6":0,"7":0,"8":0,"9":0,"10":0,"11":0,"12":0,"13":0,"14":0,"15":0,"16":0,"17":0,"18":0,"19":0,"20":0,"21":0},"f":{"0":4,"1":0,"2":0,"3":0,"4":0,"5":0},"b":{},"_coverageSchema":"1a1c01bbd47fc00a2c39e90264f33305004495a9","hash":"5e33c767e84f522df0ff1219e5f1129be6cdc6ed"}
,"/Users/anne/Dropbox/Mac/Documents/2023/Codesmith/Week 8/Recoilize4/src/app/components/Settings/ThrottleSettings.tsx": {"path":"/Users/anne/Dropbox/Mac/Documents/2023/Codesmith/Week 8/Recoilize4/src/app/components/Settings/ThrottleSettings.tsx","statementMap":{"0":{"start":{"line":8,"column":35},"end":{"line":65,"column":1}},"1":{"start":{"line":9,"column":19},"end":{"line":9,"column":35}},"2":{"start":{"line":10,"column":19},"end":{"line":10,"column":72}},"3":{"start":{"line":10,"column":43},"end":{"line":10,"column":71}},"4":{"start":{"line":11,"column":40},"end":{"line":11,"column":66}},"5":{"start":{"line":13,"column":2},"end":{"line":15,"column":17}},"6":{"start":{"line":14,"column":4},"end":{"line":14,"column":29}},"7":{"start":{"line":17,"column":2},"end":{"line":19,"column":17}},"8":{"start":{"line":18,"column":4},"end":{"line":18,"column":29}},"9":{"start":{"line":21,"column":18},"end":{"line":23,"column":3}},"10":{"start":{"line":22,"column":4},"end":{"line":22,"column":30}},"11":{"start":{"line":26,"column":23},"end":{"line":38,"column":3}},"12":{"start":{"line":27,"column":4},"end":{"line":27,"column":23}},"13":{"start":{"line":29,"column":33},"end":{"line":29,"column":57}},"14":{"start":{"line":31,"column":4},"end":{"line":35,"column":7}},"15":{"start":{"line":37,"column":4},"end":{"line":37,"column":39}},"16":{"start":{"line":40,"column":2},"end":{"line":64,"column":4}},"17":{"start":{"line":47,"column":25},"end":{"line":47,"column":55}}},"fnMap":{"0":{"name":"(anonymous_0)","decl":{"start":{"line":8,"column":35},"end":{"line":8,"column":36}},"loc":{"start":{"line":8,"column":41},"end":{"line":65,"column":1}},"line":8},"1":{"name":"(anonymous_1)","decl":{"start":{"line":10,"column":34},"end":{"line":10,"column":35}},"loc":{"start":{"line":10,"column":43},"end":{"line":10,"column":71}},"line":10},"2":{"name":"(anonymous_2)","decl":{"start":{"line":13,"column":12},"end":{"line":13,"column":13}},"loc":{"start":{"line":13,"column":18},"end":{"line":15,"column":3}},"line":13},"3":{"name":"(anonymous_3)","decl":{"start":{"line":17,"column":12},"end":{"line":17,"column":13}},"loc":{"start":{"line":17,"column":18},"end":{"line":19,"column":3}},"line":17},"4":{"name":"(anonymous_4)","decl":{"start":{"line":21,"column":18},"end":{"line":21,"column":19}},"loc":{"start":{"line":21,"column":30},"end":{"line":23,"column":3}},"line":21},"5":{"name":"(anonymous_5)","decl":{"start":{"line":26,"column":23},"end":{"line":26,"column":24}},"loc":{"start":{"line":26,"column":70},"end":{"line":38,"column":3}},"line":26},"6":{"name":"(anonymous_6)","decl":{"start":{"line":47,"column":20},"end":{"line":47,"column":21}},"loc":{"start":{"line":47,"column":25},"end":{"line":47,"column":55}},"line":47}},"branchMap":{"0":{"loc":{"start":{"line":61,"column":9},"end":{"line":61,"column":63}},"type":"cond-expr","locations":[{"start":{"line":61,"column":29},"end":{"line":61,"column":52}},{"start":{"line":61,"column":55},"end":{"line":61,"column":63}}],"line":61}},"s":{"0":1,"1":14,"2":0,"3":0,"4":0,"5":0,"6":0,"7":0,"8":0,"9":0,"10":0,"11":0,"12":0,"13":0,"14":0,"15":0,"16":0,"17":0},"f":{"0":14,"1":0,"2":0,"3":0,"4":0,"5":0,"6":0},"b":{"0":[0,0]},"_coverageSchema":"1a1c01bbd47fc00a2c39e90264f33305004495a9","hash":"ad0e670c6c3a61546a615c13d2e06ee5f35a78c9"}
,"/Users/anne/Dropbox/Mac/Documents/2023/Codesmith/Week 8/Recoilize4/src/app/components/StateDiff/Diff.tsx": {"path":"/Users/anne/Dropbox/Mac/Documents/2023/Codesmith/Week 8/Recoilize4/src/app/components/StateDiff/Diff.tsx","statementMap":{"0":{"start":{"line":7,"column":23},"end":{"line":51,"column":1}},"1":{"start":{"line":9,"column":26},"end":{"line":11,"column":3}},"2":{"start":{"line":10,"column":13},"end":{"line":10,"column":43}},"3":{"start":{"line":12,"column":22},"end":{"line":12,"column":73}},"4":{"start":{"line":12,"column":46},"end":{"line":12,"column":72}},"5":{"start":{"line":14,"column":23},"end":{"line":14,"column":53}},"6":{"start":{"line":14,"column":47},"end":{"line":14,"column":52}},"7":{"start":{"line":15,"column":2},"end":{"line":15,"column":50}},"8":{"start":{"line":18,"column":4},"end":{"line":20,"column":17}},"9":{"start":{"line":22,"column":26},"end":{"line":24,"column":41}},"10":{"start":{"line":27,"column":36},"end":{"line":27,"column":51}},"11":{"start":{"line":29,"column":16},"end":{"line":29,"column":55}},"12":{"start":{"line":31,"column":15},"end":{"line":31,"column":62}},"13":{"start":{"line":33,"column":2},"end":{"line":33,"column":43}},"14":{"start":{"line":35,"column":2},"end":{"line":50,"column":4}},"15":{"start":{"line":43,"column":12},"end":{"line":43,"column":37}}},"fnMap":{"0":{"name":"(anonymous_0)","decl":{"start":{"line":7,"column":23},"end":{"line":7,"column":24}},"loc":{"start":{"line":7,"column":29},"end":{"line":51,"column":1}},"line":7},"1":{"name":"(anonymous_1)","decl":{"start":{"line":10,"column":4},"end":{"line":10,"column":5}},"loc":{"start":{"line":10,"column":13},"end":{"line":10,"column":43}},"line":10},"2":{"name":"(anonymous_2)","decl":{"start":{"line":12,"column":37},"end":{"line":12,"column":38}},"loc":{"start":{"line":12,"column":46},"end":{"line":12,"column":72}},"line":12},"3":{"name":"(anonymous_3)","decl":{"start":{"line":14,"column":38},"end":{"line":14,"column":39}},"loc":{"start":{"line":14,"column":47},"end":{"line":14,"column":52}},"line":14},"4":{"name":"(anonymous_4)","decl":{"start":{"line":42,"column":19},"end":{"line":42,"column":20}},"loc":{"start":{"line":42,"column":25},"end":{"line":44,"column":11}},"line":42}},"branchMap":{"0":{"loc":{"start":{"line":18,"column":4},"end":{"line":20,"column":17}},"type":"cond-expr","locations":[{"start":{"line":19,"column":8},"end":{"line":19,"column":57}},{"start":{"line":20,"column":8},"end":{"line":20,"column":17}}],"line":18},"1":{"loc":{"start":{"line":22,"column":26},"end":{"line":24,"column":41}},"type":"cond-expr","locations":[{"start":{"line":23,"column":6},"end":{"line":23,"column":51}},{"start":{"line":24,"column":6},"end":{"line":24,"column":41}}],"line":22},"2":{"loc":{"start":{"line":41,"column":25},"end":{"line":41,"column":58}},"type":"cond-expr","locations":[{"start":{"line":41,"column":37},"end":{"line":41,"column":46}},{"start":{"line":41,"column":49},"end":{"line":41,"column":58}}],"line":41}},"s":{"0":1,"1":10,"2":0,"3":0,"4":0,"5":0,"6":0,"7":0,"8":0,"9":0,"10":0,"11":0,"12":0,"13":0,"14":0,"15":0},"f":{"0":10,"1":0,"2":0,"3":0,"4":0},"b":{"0":[0,0],"1":[0,0],"2":[0,0]},"_coverageSchema":"1a1c01bbd47fc00a2c39e90264f33305004495a9","hash":"cd591354efc71d8c1d08dab51a6bedbd6aadfc29"}
,"/Users/anne/Dropbox/Mac/Documents/2023/Codesmith/Week 8/Recoilize4/src/app/components/StateTree/Tree.tsx": {"path":"/Users/anne/Dropbox/Mac/Documents/2023/Codesmith/Week 8/Recoilize4/src/app/components/StateTree/Tree.tsx","statementMap":{"0":{"start":{"line":5,"column":23},"end":{"line":29,"column":1}},"1":{"start":{"line":8,"column":26},"end":{"line":10,"column":3}},"2":{"start":{"line":9,"column":13},"end":{"line":9,"column":43}},"3":{"start":{"line":11,"column":22},"end":{"line":11,"column":73}},"4":{"start":{"line":11,"column":46},"end":{"line":11,"column":72}},"5":{"start":{"line":12,"column":26},"end":{"line":12,"column":71}},"6":{"start":{"line":13,"column":2},"end":{"line":28,"column":4}},"7":{"start":{"line":18,"column":31},"end":{"line":18,"column":55}},"8":{"start":{"line":19,"column":34},"end":{"line":19,"column":38}},"9":{"start":{"line":21,"column":12},"end":{"line":23,"column":20}}},"fnMap":{"0":{"name":"(anonymous_0)","decl":{"start":{"line":5,"column":23},"end":{"line":5,"column":24}},"loc":{"start":{"line":5,"column":29},"end":{"line":29,"column":1}},"line":5},"1":{"name":"(anonymous_1)","decl":{"start":{"line":9,"column":4},"end":{"line":9,"column":5}},"loc":{"start":{"line":9,"column":13},"end":{"line":9,"column":43}},"line":9},"2":{"name":"(anonymous_2)","decl":{"start":{"line":11,"column":37},"end":{"line":11,"column":38}},"loc":{"start":{"line":11,"column":46},"end":{"line":11,"column":72}},"line":11},"3":{"name":"(anonymous_3)","decl":{"start":{"line":18,"column":24},"end":{"line":18,"column":25}},"loc":{"start":{"line":18,"column":31},"end":{"line":18,"column":55}},"line":18},"4":{"name":"(anonymous_4)","decl":{"start":{"line":19,"column":28},"end":{"line":19,"column":29}},"loc":{"start":{"line":19,"column":34},"end":{"line":19,"column":38}},"line":19},"5":{"name":"(anonymous_5)","decl":{"start":{"line":20,"column":25},"end":{"line":20,"column":26}},"loc":{"start":{"line":21,"column":12},"end":{"line":23,"column":20}},"line":21}},"branchMap":{"0":{"loc":{"start":{"line":15,"column":7},"end":{"line":26,"column":7}},"type":"binary-expr","locations":[{"start":{"line":15,"column":7},"end":{"line":15,"column":22}},{"start":{"line":16,"column":8},"end":{"line":25,"column":10}}],"line":15},"1":{"loc":{"start":{"line":21,"column":12},"end":{"line":23,"column":20}},"type":"cond-expr","locations":[{"start":{"line":22,"column":14},"end":{"line":22,"column":62}},{"start":{"line":23,"column":16},"end":{"line":23,"column":20}}],"line":21}},"s":{"0":1,"1":2,"2":0,"3":0,"4":0,"5":0,"6":0,"7":0,"8":0,"9":0},"f":{"0":2,"1":0,"2":0,"3":0,"4":0,"5":0},"b":{"0":[0,0],"1":[0,0]},"_coverageSchema":"1a1c01bbd47fc00a2c39e90264f33305004495a9","hash":"59149d6949b67826c01a8ceef274e5885ac097e2"}
,"/Users/anne/Dropbox/Mac/Documents/2023/Codesmith/Week 8/Recoilize4/src/app/state-management/hooks.tsx": {"path":"/Users/anne/Dropbox/Mac/Documents/2023/Codesmith/Week 8/Recoilize4/src/app/state-management/hooks.tsx","statementMap":{"0":{"start":{"line":4,"column":30},"end":{"line":4,"column":62}},"1":{"start":{"line":4,"column":36},"end":{"line":4,"column":62}},"2":{"start":{"line":5,"column":63},"end":{"line":5,"column":74}}},"fnMap":{"0":{"name":"(anonymous_0)","decl":{"start":{"line":4,"column":30},"end":{"line":4,"column":31}},"loc":{"start":{"line":4,"column":36},"end":{"line":4,"column":62}},"line":4}},"branchMap":{},"s":{"0":6,"1":20,"2":6},"f":{"0":20},"b":{},"_coverageSchema":"1a1c01bbd47fc00a2c39e90264f33305004495a9","hash":"a7a924ed7fc980f116b27e447be1c23ce4711887"}
,"/Users/anne/Dropbox/Mac/Documents/2023/Codesmith/Week 8/Recoilize4/src/app/state-management/index.tsx": {"path":"/Users/anne/Dropbox/Mac/Documents/2023/Codesmith/Week 8/Recoilize4/src/app/state-management/index.tsx","statementMap":{"0":{"start":{"line":14,"column":32},"end":{"line":16,"column":2}},"1":{"start":{"line":18,"column":17},"end":{"line":26,"column":2}},"2":{"start":{"line":28,"column":22},"end":{"line":31,"column":1}},"3":{"start":{"line":33,"column":25},"end":{"line":33,"column":64}},"4":{"start":{"line":35,"column":21},"end":{"line":38,"column":2}},"5":{"start":{"line":40,"column":23},"end":{"line":40,"column":42}}},"fnMap":{},"branchMap":{},"s":{"0":1,"1":1,"2":1,"3":1,"4":1,"5":1},"f":{},"b":{},"_coverageSchema":"1a1c01bbd47fc00a2c39e90264f33305004495a9","hash":"dd5beaaa384c7e2475fc25eca2e62f34d48a3b01"}
,"/Users/anne/Dropbox/Mac/Documents/2023/Codesmith/Week 8/Recoilize4/src/app/state-management/slices/AtomNetworkSlice.tsx": {"path":"/Users/anne/Dropbox/Mac/Documents/2023/Codesmith/Week 8/Recoilize4/src/app/state-management/slices/AtomNetworkSlice.tsx","statementMap":{"0":{"start":{"line":3,"column":26},"end":{"line":5,"column":1}},"1":{"start":{"line":7,"column":32},"end":{"line":15,"column":2}},"2":{"start":{"line":12,"column":6},"end":{"line":12,"column":41}},"3":{"start":{"line":17,"column":32},"end":{"line":17,"column":56}}},"fnMap":{"0":{"name":"(anonymous_0)","decl":{"start":{"line":11,"column":20},"end":{"line":11,"column":21}},"loc":{"start":{"line":11,"column":62},"end":{"line":13,"column":5}},"line":11}},"branchMap":{},"s":{"0":1,"1":1,"2":1,"3":1},"f":{"0":1},"b":{},"_coverageSchema":"1a1c01bbd47fc00a2c39e90264f33305004495a9","hash":"5b3eb33be3012b936c24830f1fb1e2a44fb577e4"}
,"/Users/anne/Dropbox/Mac/Documents/2023/Codesmith/Week 8/Recoilize4/src/app/state-management/slices/AtomsAndSelectorsSlice.tsx": {"path":"/Users/anne/Dropbox/Mac/Documents/2023/Codesmith/Week 8/Recoilize4/src/app/state-management/slices/AtomsAndSelectorsSlice.tsx","statementMap":{"0":{"start":{"line":12,"column":36},"end":{"line":18,"column":1}},"1":{"start":{"line":27,"column":38},"end":{"line":35,"column":2}},"2":{"start":{"line":32,"column":6},"end":{"line":32,"column":47}},"3":{"start":{"line":37,"column":0},"end":{"line":37,"column":63}},"4":{"start":{"line":39,"column":38},"end":{"line":39,"column":68}},"5":{"start":{"line":41,"column":44},"end":{"line":41,"column":89}},"6":{"start":{"line":41,"column":66},"end":{"line":41,"column":89}}},"fnMap":{"0":{"name":"(anonymous_0)","decl":{"start":{"line":31,"column":26},"end":{"line":31,"column":27}},"loc":{"start":{"line":31,"column":65},"end":{"line":33,"column":5}},"line":31},"1":{"name":"(anonymous_1)","decl":{"start":{"line":41,"column":44},"end":{"line":41,"column":45}},"loc":{"start":{"line":41,"column":66},"end":{"line":41,"column":89}},"line":41}},"branchMap":{},"s":{"0":1,"1":1,"2":0,"3":1,"4":1,"5":1,"6":0},"f":{"0":0,"1":0},"b":{},"_coverageSchema":"1a1c01bbd47fc00a2c39e90264f33305004495a9","hash":"62044ce712fefee7e81517efa33d6c1181df3d82"}
,"/Users/anne/Dropbox/Mac/Documents/2023/Codesmith/Week 8/Recoilize4/src/app/state-management/slices/FilterSlice.tsx": {"path":"/Users/anne/Dropbox/Mac/Documents/2023/Codesmith/Week 8/Recoilize4/src/app/state-management/slices/FilterSlice.tsx","statementMap":{"0":{"start":{"line":8,"column":34},"end":{"line":10,"column":1}},"1":{"start":{"line":12,"column":27},"end":{"line":20,"column":2}},"2":{"start":{"line":17,"column":6},"end":{"line":17,"column":66}},"3":{"start":{"line":22,"column":30},"end":{"line":22,"column":49}},"4":{"start":{"line":23,"column":33},"end":{"line":23,"column":78}},"5":{"start":{"line":23,"column":55},"end":{"line":23,"column":78}},"6":{"start":{"line":25,"column":22},"end":{"line":25,"column":41}}},"fnMap":{"0":{"name":"(anonymous_0)","decl":{"start":{"line":16,"column":18},"end":{"line":16,"column":19}},"loc":{"start":{"line":16,"column":57},"end":{"line":18,"column":5}},"line":16},"1":{"name":"(anonymous_1)","decl":{"start":{"line":23,"column":33},"end":{"line":23,"column":34}},"loc":{"start":{"line":23,"column":55},"end":{"line":23,"column":78}},"line":23}},"branchMap":{},"s":{"0":2,"1":2,"2":1,"3":2,"4":2,"5":0,"6":2},"f":{"0":1,"1":0},"b":{},"_coverageSchema":"1a1c01bbd47fc00a2c39e90264f33305004495a9","hash":"d31ce5fc1ff1e8daa604ea51e4f2f418ab8b4a62"}
,"/Users/anne/Dropbox/Mac/Documents/2023/Codesmith/Week 8/Recoilize4/src/app/state-management/slices/SelectedSlice.tsx": {"path":"/Users/anne/Dropbox/Mac/Documents/2023/Codesmith/Week 8/Recoilize4/src/app/state-management/slices/SelectedSlice.tsx","statementMap":{"0":{"start":{"line":8,"column":36},"end":{"line":10,"column":1}},"1":{"start":{"line":12,"column":29},"end":{"line":23,"column":2}},"2":{"start":{"line":17,"column":6},"end":{"line":17,"column":42}},"3":{"start":{"line":20,"column":6},"end":{"line":20,"column":46}},"4":{"start":{"line":25,"column":42},"end":{"line":25,"column":63}},"5":{"start":{"line":28,"column":24},"end":{"line":28,"column":45}}},"fnMap":{"0":{"name":"(anonymous_0)","decl":{"start":{"line":16,"column":17},"end":{"line":16,"column":18}},"loc":{"start":{"line":16,"column":56},"end":{"line":18,"column":5}},"line":16},"1":{"name":"(anonymous_1)","decl":{"start":{"line":19,"column":17},"end":{"line":19,"column":18}},"loc":{"start":{"line":19,"column":56},"end":{"line":21,"column":5}},"line":19}},"branchMap":{},"s":{"0":2,"1":2,"2":3,"3":1,"4":2,"5":2},"f":{"0":3,"1":1},"b":{},"_coverageSchema":"1a1c01bbd47fc00a2c39e90264f33305004495a9","hash":"9cb98c416b388de9aa855a562a63cfabf40510eb"}
,"/Users/anne/Dropbox/Mac/Documents/2023/Codesmith/Week 8/Recoilize4/src/app/state-management/slices/SnapshotSlice.tsx": {"path":"/Users/anne/Dropbox/Mac/Documents/2023/Codesmith/Week 8/Recoilize4/src/app/state-management/slices/SnapshotSlice.tsx","statementMap":{"0":{"start":{"line":4,"column":26},"end":{"line":8,"column":1}},"1":{"start":{"line":10,"column":29},"end":{"line":26,"column":2}},"2":{"start":{"line":15,"column":6},"end":{"line":15,"column":49}},"3":{"start":{"line":18,"column":6},"end":{"line":18,"column":41}},"4":{"start":{"line":21,"column":6},"end":{"line":23,"column":8}},"5":{"start":{"line":28,"column":0},"end":{"line":31,"column":2}},"6":{"start":{"line":34,"column":2},"end":{"line":34,"column":23}}},"fnMap":{"0":{"name":"(anonymous_0)","decl":{"start":{"line":14,"column":24},"end":{"line":14,"column":25}},"loc":{"start":{"line":14,"column":63},"end":{"line":16,"column":5}},"line":14},"1":{"name":"(anonymous_1)","decl":{"start":{"line":17,"column":20},"end":{"line":17,"column":21}},"loc":{"start":{"line":17,"column":59},"end":{"line":19,"column":5}},"line":17},"2":{"name":"(anonymous_2)","decl":{"start":{"line":20,"column":31},"end":{"line":20,"column":32}},"loc":{"start":{"line":20,"column":70},"end":{"line":24,"column":5}},"line":20}},"branchMap":{},"s":{"0":2,"1":2,"2":1,"3":1,"4":1,"5":2,"6":2},"f":{"0":1,"1":1,"2":1},"b":{},"_coverageSchema":"1a1c01bbd47fc00a2c39e90264f33305004495a9","hash":"1bb12f965157baafcda963cd8d01226d663f2b13"}
,"/Users/anne/Dropbox/Mac/Documents/2023/Codesmith/Week 8/Recoilize4/src/app/state-management/slices/ThrottleSlice.tsx": {"path":"/Users/anne/Dropbox/Mac/Documents/2023/Codesmith/Week 8/Recoilize4/src/app/state-management/slices/ThrottleSlice.tsx","statementMap":{"0":{"start":{"line":3,"column":26},"end":{"line":5,"column":1}},"1":{"start":{"line":7,"column":29},"end":{"line":18,"column":2}},"2":{"start":{"line":12,"column":6},"end":{"line":12,"column":43}},"3":{"start":{"line":15,"column":6},"end":{"line":15,"column":33}},"4":{"start":{"line":20,"column":44},"end":{"line":20,"column":65}}},"fnMap":{"0":{"name":"(anonymous_0)","decl":{"start":{"line":11,"column":17},"end":{"line":11,"column":18}},"loc":{"start":{"line":11,"column":59},"end":{"line":13,"column":5}},"line":11},"1":{"name":"(anonymous_1)","decl":{"start":{"line":14,"column":19},"end":{"line":14,"column":20}},"loc":{"start":{"line":14,"column":28},"end":{"line":16,"column":5}},"line":14}},"branchMap":{},"s":{"0":2,"1":2,"2":1,"3":1,"4":2},"f":{"0":1,"1":1},"b":{},"_coverageSchema":"1a1c01bbd47fc00a2c39e90264f33305004495a9","hash":"090ee08c79386deba5365e2e69ea58660039b8ca"}
,"/Users/anne/Dropbox/Mac/Documents/2023/Codesmith/Week 8/Recoilize4/src/app/state-management/slices/ZoomSlice.tsx": {"path":"/Users/anne/Dropbox/Mac/Documents/2023/Codesmith/Week 8/Recoilize4/src/app/state-management/slices/ZoomSlice.tsx","statementMap":{"0":{"start":{"line":8,"column":32},"end":{"line":14,"column":1}},"1":{"start":{"line":16,"column":25},"end":{"line":27,"column":2}},"2":{"start":{"line":21,"column":6},"end":{"line":21,"column":38}},"3":{"start":{"line":24,"column":6},"end":{"line":24,"column":45}},"4":{"start":{"line":29,"column":49},"end":{"line":29,"column":66}},"5":{"start":{"line":30,"column":31},"end":{"line":30,"column":72}},"6":{"start":{"line":30,"column":53},"end":{"line":30,"column":72}},"7":{"start":{"line":32,"column":20},"end":{"line":32,"column":37}}},"fnMap":{"0":{"name":"(anonymous_0)","decl":{"start":{"line":20,"column":21},"end":{"line":20,"column":22}},"loc":{"start":{"line":20,"column":66},"end":{"line":22,"column":5}},"line":20},"1":{"name":"(anonymous_1)","decl":{"start":{"line":23,"column":20},"end":{"line":23,"column":21}},"loc":{"start":{"line":23,"column":29},"end":{"line":25,"column":5}},"line":23},"2":{"name":"(anonymous_2)","decl":{"start":{"line":30,"column":31},"end":{"line":30,"column":32}},"loc":{"start":{"line":30,"column":53},"end":{"line":30,"column":72}},"line":30}},"branchMap":{},"s":{"0":2,"1":2,"2":1,"3":1,"4":2,"5":2,"6":0,"7":2},"f":{"0":1,"1":1,"2":0},"b":{},"_coverageSchema":"1a1c01bbd47fc00a2c39e90264f33305004495a9","hash":"cd07c21f06ec6cf7c5edf3dfc94773d815958d81"}
,"/Users/anne/Dropbox/Mac/Documents/2023/Codesmith/Week 8/Recoilize4/src/app/utils/cleanComponentAtomTree.ts": {"path":"/Users/anne/Dropbox/Mac/Documents/2023/Codesmith/Week 8/Recoilize4/src/app/utils/cleanComponentAtomTree.ts","statementMap":{"0":{"start":{"line":3,"column":39},"end":{"line":53,"column":3}},"1":{"start":{"line":6,"column":16},"end":{"line":6,"column":39}},"2":{"start":{"line":7,"column":18},"end":{"line":7,"column":19}},"3":{"start":{"line":8,"column":23},"end":{"line":43,"column":5}},"4":{"start":{"line":9,"column":6},"end":{"line":37,"column":7}},"5":{"start":{"line":17,"column":8},"end":{"line":36,"column":9}},"6":{"start":{"line":18,"column":10},"end":{"line":18,"column":34}},"7":{"start":{"line":19,"column":10},"end":{"line":19,"column":41}},"8":{"start":{"line":20,"column":10},"end":{"line":20,"column":55}},"9":{"start":{"line":21,"column":10},"end":{"line":21,"column":39}},"10":{"start":{"line":22,"column":10},"end":{"line":22,"column":41}},"11":{"start":{"line":26,"column":46},"end":{"line":28,"column":11}},"12":{"start":{"line":29,"column":10},"end":{"line":29,"column":33}},"13":{"start":{"line":30,"column":10},"end":{"line":30,"column":35}},"14":{"start":{"line":31,"column":10},"end":{"line":35,"column":11}},"15":{"start":{"line":32,"column":12},"end":{"line":32,"column":65}},"16":{"start":{"line":34,"column":12},"end":{"line":34,"column":46}},"17":{"start":{"line":39,"column":6},"end":{"line":41,"column":7}},"18":{"start":{"line":39,"column":19},"end":{"line":39,"column":20}},"19":{"start":{"line":40,"column":8},"end":{"line":40,"column":61}},"20":{"start":{"line":42,"column":6},"end":{"line":42,"column":23}},"21":{"start":{"line":44,"column":4},"end":{"line":44,"column":39}},"22":{"start":{"line":47,"column":4},"end":{"line":49,"column":5}},"23":{"start":{"line":48,"column":6},"end":{"line":48,"column":51}},"24":{"start":{"line":52,"column":4},"end":{"line":52,"column":15}}},"fnMap":{"0":{"name":"(anonymous_0)","decl":{"start":{"line":3,"column":39},"end":{"line":3,"column":40}},"loc":{"start":{"line":5,"column":26},"end":{"line":53,"column":3}},"line":5},"1":{"name":"(anonymous_1)","decl":{"start":{"line":8,"column":23},"end":{"line":8,"column":24}},"loc":{"start":{"line":8,"column":79},"end":{"line":43,"column":5}},"line":8}},"branchMap":{"0":{"loc":{"start":{"line":8,"column":55},"end":{"line":8,"column":74}},"type":"default-arg","locations":[{"start":{"line":8,"column":73},"end":{"line":8,"column":74}}],"line":8},"1":{"loc":{"start":{"line":9,"column":6},"end":{"line":37,"column":7}},"type":"if","locations":[{"start":{"line":9,"column":6},"end":{"line":37,"column":7}},{"start":{},"end":{}}],"line":9},"2":{"loc":{"start":{"line":10,"column":8},"end":{"line":14,"column":39}},"type":"binary-expr","locations":[{"start":{"line":10,"column":9},"end":{"line":10,"column":27}},{"start":{"line":10,"column":31},"end":{"line":10,"column":49}},{"start":{"line":11,"column":8},"end":{"line":11,"column":38}},{"start":{"line":12,"column":8},"end":{"line":12,"column":35}},{"start":{"line":13,"column":8},"end":{"line":13,"column":45}},{"start":{"line":14,"column":8},"end":{"line":14,"column":39}}],"line":10},"3":{"loc":{"start":{"line":17,"column":8},"end":{"line":36,"column":9}},"type":"if","locations":[{"start":{"line":17,"column":8},"end":{"line":36,"column":9}},{"start":{"line":25,"column":13},"end":{"line":36,"column":9}}],"line":17},"4":{"loc":{"start":{"line":31,"column":10},"end":{"line":35,"column":11}},"type":"if","locations":[{"start":{"line":31,"column":10},"end":{"line":35,"column":11}},{"start":{"line":33,"column":17},"end":{"line":35,"column":11}}],"line":31},"5":{"loc":{"start":{"line":47,"column":4},"end":{"line":49,"column":5}},"type":"if","locations":[{"start":{"line":47,"column":4},"end":{"line":49,"column":5}},{"start":{},"end":{}}],"line":47}},"s":{"0":2,"1":1,"2":1,"3":1,"4":15,"5":2,"6":1,"7":1,"8":1,"9":1,"10":1,"11":1,"12":1,"13":1,"14":1,"15":0,"16":1,"17":15,"18":15,"19":14,"20":15,"21":1,"22":1,"23":1,"24":1},"f":{"0":1,"1":15},"b":{"0":[0],"1":[2,13],"2":[15,10,5,4,3,2],"3":[1,1],"4":[0,1],"5":[1,0]},"_coverageSchema":"1a1c01bbd47fc00a2c39e90264f33305004495a9","hash":"15a1e4c0787b58a5e497eb780f373de8a601f2ce"}
}
