TN:
SF:mock/snapshot.js
FNF:0
FNH:0
DA:1,2
DA:34,2
DA:72,2
LF:3
LH:3
BRF:0
BRH:0
end_of_record
TN:
SF:mock/state-snapshot.js
FNF:0
FNH:0
DA:1,1
LF:1
LH:1
BRF:0
BRH:0
end_of_record
TN:
SF:src/app/Containers/SnapshotContainer.tsx
FN:6,(anonymous_0)
FN:10,(anonymous_1)
FN:12,(anonymous_2)
FN:14,(anonymous_3)
FN:21,(anonymous_4)
FN:26,(anonymous_5)
FN:34,(anonymous_6)
FN:82,(anonymous_7)
FN:94,(anonymous_8)
FN:110,(anonymous_9)
FN:124,prevClr
FN:135,fwrdClr
FN:148,(anonymous_12)
FN:178,(anonymous_13)
FNF:14
FNH:1
FNDA:2,(anonymous_0)
FNDA:0,(anonymous_1)
FNDA:0,(anonymous_2)
FNDA:0,(anonymous_3)
FNDA:0,(anonymous_4)
FNDA:0,(anonymous_5)
FNDA:0,(anonymous_6)
FNDA:0,(anonymous_7)
FNDA:0,(anonymous_8)
FNDA:0,(anonymous_9)
FNDA:0,prevClr
FNDA:0,fwrdClr
FNDA:0,(anonymous_12)
FNDA:0,(anonymous_13)
DA:6,1
DA:7,2
DA:9,0
DA:10,0
DA:12,0
DA:14,0
DA:15,0
DA:16,0
DA:18,0
DA:21,0
DA:22,0
DA:26,0
DA:27,0
DA:30,0
DA:32,0
DA:34,0
DA:36,0
DA:37,0
DA:40,0
DA:41,0
DA:42,0
DA:43,0
DA:44,0
DA:49,0
DA:51,0
DA:53,0
DA:54,0
DA:59,0
DA:72,0
DA:83,0
DA:95,0
DA:104,0
DA:105,0
DA:106,0
DA:110,0
DA:112,0
DA:115,0
DA:125,0
DA:126,0
DA:127,0
DA:129,0
DA:130,0
DA:131,0
DA:136,0
DA:138,0
DA:139,0
DA:141,0
DA:142,0
DA:143,0
DA:148,0
DA:149,0
DA:150,0
DA:151,0
DA:152,0
DA:156,0
DA:179,0
LF:56
LH:2
BRDA:36,0,0,0
BRDA:36,0,1,0
BRDA:40,1,0,0
BRDA:40,1,1,0
BRDA:43,2,0,0
BRDA:43,2,1,0
BRDA:53,3,0,0
BRDA:53,3,1,0
BRDA:78,4,0,0
BRDA:78,4,1,0
BRDA:90,5,0,0
BRDA:90,5,1,0
BRDA:105,6,0,0
BRDA:105,6,1,0
BRDA:105,7,0,0
BRDA:105,7,1,0
BRDA:129,8,0,0
BRDA:129,8,1,0
BRDA:141,9,0,0
BRDA:141,9,1,0
BRF:20
BRH:0
end_of_record
TN:
SF:src/app/components/ComponentGraph/AtomComponentContainer.tsx
FN:7,(anonymous_0)
FN:10,(anonymous_1)
FN:12,(anonymous_2)
FN:14,(anonymous_3)
FNF:4
FNH:0
FNDA:0,(anonymous_0)
FNDA:0,(anonymous_1)
FNDA:0,(anonymous_2)
FNDA:0,(anonymous_3)
DA:7,1
DA:9,0
DA:10,0
DA:12,0
DA:13,0
DA:14,0
DA:17,0
DA:18,0
DA:22,0
DA:23,0
DA:27,0
DA:28,0
DA:29,0
DA:30,0
DA:31,0
DA:32,0
DA:34,0
DA:39,0
LF:18
LH:1
BRDA:29,0,0,0
BRDA:29,0,1,0
BRDA:31,1,0,0
BRDA:31,1,1,0
BRF:4
BRH:0
end_of_record
TN:
SF:src/app/components/ComponentGraph/AtomComponentVisual.tsx
FN:21,(anonymous_0)
FN:72,(anonymous_1)
FN:106,(anonymous_2)
FN:111,(anonymous_3)
FN:141,zoomed
FN:157,update
FN:166,(anonymous_6)
FN:201,(anonymous_7)
FN:206,(anonymous_8)
FN:225,(anonymous_9)
FN:258,(anonymous_10)
FN:277,(anonymous_11)
FN:278,(anonymous_12)
FN:281,(anonymous_13)
FN:291,(anonymous_14)
FN:308,(anonymous_15)
FN:317,(anonymous_16)
FN:327,(anonymous_17)
FN:339,(anonymous_18)
FN:349,(anonymous_19)
FN:355,(anonymous_20)
FN:360,diagonal
FN:375,click
FN:398,formatMouseoverXValue
FN:405,formatAtomSelectorText
FN:427,determineSize
FN:440,borderColor
FN:445,colorComponents
FN:478,openDropdown
FN:495,(anonymous_29)
FN:519,(anonymous_30)
FN:537,(anonymous_31)
FN:552,(anonymous_32)
FN:566,(anonymous_33)
FN:586,(anonymous_34)
FN:592,(anonymous_35)
FN:618,(anonymous_36)
FN:657,(anonymous_37)
FN:663,(anonymous_38)
FN:691,(anonymous_39)
FNF:40
FNH:0
FNDA:0,(anonymous_0)
FNDA:0,(anonymous_1)
FNDA:0,(anonymous_2)
FNDA:0,(anonymous_3)
FNDA:0,zoomed
FNDA:0,update
FNDA:0,(anonymous_6)
FNDA:0,(anonymous_7)
FNDA:0,(anonymous_8)
FNDA:0,(anonymous_9)
FNDA:0,(anonymous_10)
FNDA:0,(anonymous_11)
FNDA:0,(anonymous_12)
FNDA:0,(anonymous_13)
FNDA:0,(anonymous_14)
FNDA:0,(anonymous_15)
FNDA:0,(anonymous_16)
FNDA:0,(anonymous_17)
FNDA:0,(anonymous_18)
FNDA:0,(anonymous_19)
FNDA:0,(anonymous_20)
FNDA:0,diagonal
FNDA:0,click
FNDA:0,formatMouseoverXValue
FNDA:0,formatAtomSelectorText
FNDA:0,determineSize
FNDA:0,borderColor
FNDA:0,colorComponents
FNDA:0,openDropdown
FNDA:0,(anonymous_29)
FNDA:0,(anonymous_30)
FNDA:0,(anonymous_31)
FNDA:0,(anonymous_32)
FNDA:0,(anonymous_33)
FNDA:0,(anonymous_34)
FNDA:0,(anonymous_35)
FNDA:0,(anonymous_36)
FNDA:0,(anonymous_37)
FNDA:0,(anonymous_38)
FNDA:0,(anonymous_39)
DA:21,1
DA:31,0
DA:32,0
DA:33,0
DA:36,0
DA:37,0
DA:40,0
DA:43,0
DA:46,0
DA:47,0
DA:50,0
DA:51,0
DA:54,0
DA:55,0
DA:58,0
DA:59,0
DA:62,0
DA:63,0
DA:66,0
DA:67,0
DA:70,0
DA:72,0
DA:73,0
DA:74,0
DA:76,0
DA:79,0
DA:82,0
DA:85,0
DA:90,0
DA:91,0
DA:96,0
DA:103,0
DA:104,0
DA:107,0
DA:111,0
DA:112,0
DA:117,0
DA:118,0
DA:120,0
DA:123,0
DA:126,0
DA:133,0
DA:142,0
DA:159,0
DA:160,0
DA:161,0
DA:163,0
DA:167,0
DA:191,0
DA:197,0
DA:202,0
DA:208,0
DA:210,0
DA:211,0
DA:213,0
DA:216,0
DA:223,0
DA:225,0
DA:226,0
DA:227,0
DA:228,0
DA:229,0
DA:231,0
DA:232,0
DA:234,0
DA:235,0
DA:236,0
DA:237,0
DA:238,0
DA:240,0
DA:241,0
DA:242,0
DA:243,0
DA:247,0
DA:251,0
DA:259,0
DA:260,0
DA:264,0
DA:274,0
DA:277,0
DA:279,0
DA:281,0
DA:285,0
DA:288,0
DA:292,0
DA:296,0
DA:304,0
DA:309,0
DA:313,0
DA:318,0
DA:321,0
DA:328,0
DA:329,0
DA:332,0
DA:334,0
DA:340,0
DA:343,0
DA:350,0
DA:351,0
DA:355,0
DA:356,0
DA:357,0
DA:361,0
DA:362,0
DA:367,0
DA:372,0
DA:376,0
DA:377,0
DA:378,0
DA:380,0
DA:381,0
DA:384,0
DA:385,0
DA:386,0
DA:387,0
DA:388,0
DA:390,0
DA:395,0
DA:399,0
DA:400,0
DA:402,0
DA:406,0
DA:408,0
DA:409,0
DA:410,0
DA:412,0
DA:413,0
DA:415,0
DA:416,0
DA:418,0
DA:421,0
DA:424,0
DA:428,0
DA:429,0
DA:431,0
DA:434,0
DA:437,0
DA:441,0
DA:442,0
DA:447,0
DA:448,0
DA:450,0
DA:453,0
DA:454,0
DA:455,0
DA:456,0
DA:457,0
DA:459,0
DA:460,0
DA:463,0
DA:464,0
DA:466,0
DA:467,0
DA:469,0
DA:472,0
DA:479,0
DA:481,0
DA:482,0
DA:483,0
DA:484,0
DA:485,0
DA:487,0
DA:488,0
DA:489,0
DA:490,0
DA:495,0
DA:496,0
DA:497,0
DA:498,0
DA:499,0
DA:500,0
DA:501,0
DA:504,0
DA:520,0
DA:521,0
DA:522,0
DA:538,0
DA:539,0
DA:540,0
DA:553,0
DA:554,0
DA:567,0
DA:587,0
DA:593,0
DA:601,0
DA:605,0
DA:613,0
DA:618,0
DA:619,0
DA:623,0
DA:627,0
DA:631,0
DA:635,0
DA:636,0
DA:658,0
DA:664,0
DA:672,0
DA:676,0
DA:684,0
DA:689,0
DA:692,0
DA:696,0
DA:700,0
DA:704,0
DA:707,0
DA:708,0
LF:206
LH:1
BRDA:103,0,0,0
BRDA:103,0,1,0
BRDA:167,1,0,0
BRDA:167,1,1,0
BRDA:210,2,0,0
BRDA:210,2,1,0
BRDA:231,3,0,0
BRDA:231,3,1,0
BRDA:232,4,0,0
BRDA:232,4,1,0
BRDA:234,5,0,0
BRDA:234,5,1,0
BRDA:237,6,0,0
BRDA:237,6,1,0
BRDA:277,7,0,0
BRDA:277,7,1,0
BRDA:279,8,0,0
BRDA:279,8,1,0
BRDA:279,9,0,0
BRDA:279,9,1,0
BRDA:292,10,0,0
BRDA:292,10,1,0
BRDA:361,11,0,0
BRDA:361,11,1,0
BRDA:376,12,0,0
BRDA:376,12,1,0
BRDA:386,13,0,0
BRDA:386,13,1,0
BRDA:399,14,0,0
BRDA:399,14,1,0
BRDA:412,15,0,0
BRDA:412,15,1,0
BRDA:415,16,0,0
BRDA:415,16,1,0
BRDA:428,17,0,0
BRDA:428,17,1,0
BRDA:428,18,0,0
BRDA:428,18,1,0
BRDA:429,19,0,0
BRDA:429,19,1,0
BRDA:441,20,0,0
BRDA:441,20,1,0
BRDA:442,21,0,0
BRDA:442,21,1,0
BRDA:447,22,0,0
BRDA:447,22,1,0
BRDA:447,23,0,0
BRDA:447,23,1,0
BRDA:448,24,0,0
BRDA:448,24,1,0
BRDA:456,25,0,0
BRDA:456,25,1,0
BRDA:459,26,0,0
BRDA:459,26,1,0
BRDA:463,27,0,0
BRDA:463,27,1,0
BRDA:463,28,0,0
BRDA:463,28,1,0
BRDA:466,29,0,0
BRDA:466,29,1,0
BRDA:481,30,0,0
BRDA:481,30,1,0
BRDA:511,31,0,0
BRDA:511,31,1,0
BRDA:529,32,0,0
BRDA:529,32,1,0
BRDA:550,33,0,0
BRDA:550,33,1,0
BRDA:557,34,0,0
BRDA:557,34,1,0
BRDA:564,35,0,0
BRDA:564,35,1,0
BRDA:570,36,0,0
BRDA:570,36,1,0
BRDA:577,37,0,0
BRDA:577,37,1,0
BRDA:580,38,0,0
BRDA:580,38,1,0
BRDA:584,39,0,0
BRDA:584,39,1,0
BRDA:593,40,0,0
BRDA:593,40,1,0
BRDA:594,41,0,0
BRDA:594,41,1,0
BRDA:605,42,0,0
BRDA:605,42,1,0
BRDA:606,43,0,0
BRDA:606,43,1,0
BRDA:619,44,0,0
BRDA:619,44,1,0
BRDA:620,45,0,0
BRDA:620,45,1,0
BRDA:627,46,0,0
BRDA:627,46,1,0
BRDA:628,47,0,0
BRDA:628,47,1,0
BRDA:646,48,0,0
BRDA:646,48,1,0
BRDA:649,49,0,0
BRDA:649,49,1,0
BRDA:655,50,0,0
BRDA:655,50,1,0
BRDA:664,51,0,0
BRDA:664,51,1,0
BRDA:665,52,0,0
BRDA:665,52,1,0
BRDA:676,53,0,0
BRDA:676,53,1,0
BRDA:677,54,0,0
BRDA:677,54,1,0
BRDA:692,55,0,0
BRDA:692,55,1,0
BRDA:693,56,0,0
BRDA:693,56,1,0
BRDA:700,57,0,0
BRDA:700,57,1,0
BRDA:701,58,0,0
BRDA:701,58,1,0
BRDA:718,59,0,0
BRDA:718,59,1,0
BRDA:719,60,0,0
BRDA:719,60,1,0
BRF:122
BRH:0
end_of_record
TN:
SF:src/app/components/Metrics/RankedGraph.tsx
FN:11,(anonymous_0)
FN:17,(anonymous_1)
FN:36,colorPicker
FN:53,(anonymous_3)
FN:62,(anonymous_4)
FN:68,(anonymous_5)
FN:74,(anonymous_6)
FN:85,(anonymous_7)
FN:99,(anonymous_8)
FN:102,(anonymous_9)
FN:105,(anonymous_10)
FN:115,(anonymous_11)
FN:120,(anonymous_12)
FNF:13
FNH:2
FNDA:4,(anonymous_0)
FNDA:4,(anonymous_1)
FNDA:0,colorPicker
FNDA:0,(anonymous_3)
FNDA:0,(anonymous_4)
FNDA:0,(anonymous_5)
FNDA:0,(anonymous_6)
FNDA:0,(anonymous_7)
FNDA:0,(anonymous_8)
FNDA:0,(anonymous_9)
FNDA:0,(anonymous_10)
FNDA:0,(anonymous_11)
FNDA:0,(anonymous_12)
DA:11,1
DA:16,4
DA:17,4
DA:18,4
DA:20,4
DA:21,4
DA:22,0
DA:24,4
DA:25,0
DA:28,4
DA:30,4
DA:32,4
DA:34,4
DA:37,0
DA:38,0
DA:39,0
DA:44,4
DA:54,0
DA:60,4
DA:63,0
DA:67,0
DA:69,0
DA:73,0
DA:75,0
DA:79,0
DA:86,0
DA:87,0
DA:88,0
DA:89,0
DA:94,0
DA:100,0
DA:103,0
DA:106,0
DA:110,0
DA:115,0
DA:116,0
DA:118,0
DA:120,0
DA:121,0
DA:123,0
DA:128,4
LF:41
LH:14
BRDA:21,0,0,0
BRDA:21,0,1,4
BRDA:24,1,0,0
BRDA:24,1,1,4
BRDA:37,2,0,0
BRDA:37,2,1,0
BRDA:38,3,0,0
BRDA:38,3,1,0
BRF:8
BRH:2
end_of_record
TN:
SF:src/app/components/NavBar/NavBar.tsx
FN:12,(anonymous_0)
FN:14,(anonymous_1)
FN:24,(anonymous_2)
FNF:3
FNH:2
FNDA:2,(anonymous_0)
FNDA:3,(anonymous_1)
FNDA:0,(anonymous_2)
DA:12,1
DA:14,2
DA:15,3
DA:25,0
DA:30,3
DA:33,2
LF:6
LH:5
BRDA:20,0,0,0
BRDA:20,0,1,3
BRF:2
BRH:1
end_of_record
TN:
SF:src/app/components/Settings/AtomSettings.tsx
FN:7,(anonymous_0)
FN:12,(anonymous_1)
FN:14,(anonymous_2)
FN:15,(anonymous_3)
FN:34,(anonymous_4)
FN:38,(anonymous_5)
FNF:6
FNH:1
FNDA:4,(anonymous_0)
FNDA:0,(anonymous_1)
FNDA:0,(anonymous_2)
FNDA:0,(anonymous_3)
FNDA:0,(anonymous_4)
FNDA:0,(anonymous_5)
DA:2,1
DA:7,1
DA:8,4
DA:11,0
DA:12,0
DA:14,0
DA:15,0
DA:19,0
DA:21,0
DA:22,0
DA:23,0
DA:27,0
DA:28,0
DA:29,0
DA:34,0
DA:35,0
DA:38,0
DA:39,0
DA:41,0
LF:19
LH:3
BRF:0
BRH:0
end_of_record
TN:
SF:src/app/components/Settings/ThrottleSettings.tsx
FN:8,(anonymous_0)
FN:10,(anonymous_1)
FN:13,(anonymous_2)
FN:17,(anonymous_3)
FN:21,(anonymous_4)
FN:26,(anonymous_5)
FN:47,(anonymous_6)
FNF:7
FNH:1
FNDA:14,(anonymous_0)
FNDA:0,(anonymous_1)
FNDA:0,(anonymous_2)
FNDA:0,(anonymous_3)
FNDA:0,(anonymous_4)
FNDA:0,(anonymous_5)
FNDA:0,(anonymous_6)
DA:8,1
DA:9,14
DA:10,0
DA:11,0
DA:13,0
DA:14,0
DA:17,0
DA:18,0
DA:21,0
DA:22,0
DA:26,0
DA:27,0
DA:29,0
DA:31,0
DA:37,0
DA:40,0
DA:47,0
LF:17
LH:2
BRDA:61,0,0,0
BRDA:61,0,1,0
BRF:2
BRH:0
end_of_record
TN:
SF:src/app/components/StateDiff/Diff.tsx
FN:7,(anonymous_0)
FN:10,(anonymous_1)
FN:12,(anonymous_2)
FN:14,(anonymous_3)
FN:42,(anonymous_4)
FNF:5
FNH:1
FNDA:10,(anonymous_0)
FNDA:0,(anonymous_1)
FNDA:0,(anonymous_2)
FNDA:0,(anonymous_3)
FNDA:0,(anonymous_4)
DA:7,1
DA:9,10
DA:10,0
DA:12,0
DA:14,0
DA:15,0
DA:18,0
DA:22,0
DA:27,0
DA:29,0
DA:31,0
DA:33,0
DA:35,0
DA:43,0
LF:14
LH:2
BRDA:18,0,0,0
BRDA:18,0,1,0
BRDA:22,1,0,0
BRDA:22,1,1,0
BRDA:41,2,0,0
BRDA:41,2,1,0
BRF:6
BRH:0
end_of_record
TN:
SF:src/app/components/StateTree/Tree.tsx
FN:5,(anonymous_0)
FN:9,(anonymous_1)
FN:11,(anonymous_2)
FN:18,(anonymous_3)
FN:19,(anonymous_4)
FN:20,(anonymous_5)
FNF:6
FNH:1
FNDA:2,(anonymous_0)
FNDA:0,(anonymous_1)
FNDA:0,(anonymous_2)
FNDA:0,(anonymous_3)
FNDA:0,(anonymous_4)
FNDA:0,(anonymous_5)
DA:5,1
DA:8,2
DA:9,0
DA:11,0
DA:12,0
DA:13,0
DA:18,0
DA:19,0
DA:21,0
LF:9
LH:2
BRDA:15,0,0,0
BRDA:15,0,1,0
BRDA:21,1,0,0
BRDA:21,1,1,0
BRF:4
BRH:0
end_of_record
TN:
SF:src/app/state-management/hooks.tsx
FN:4,(anonymous_0)
FNF:1
FNH:1
FNDA:20,(anonymous_0)
DA:4,20
DA:5,6
LF:2
LH:2
BRF:0
BRH:0
end_of_record
TN:
SF:src/app/state-management/index.tsx
FNF:0
FNH:0
DA:14,1
DA:18,1
DA:28,1
DA:33,1
DA:35,1
DA:40,1
LF:6
LH:6
BRF:0
BRH:0
end_of_record
TN:
SF:src/app/state-management/slices/AtomNetworkSlice.tsx
FN:11,(anonymous_0)
FNF:1
FNH:1
FNDA:1,(anonymous_0)
DA:3,1
DA:7,1
DA:12,1
DA:17,1
LF:4
LH:4
BRF:0
BRH:0
end_of_record
TN:
SF:src/app/state-management/slices/AtomsAndSelectorsSlice.tsx
FN:31,(anonymous_0)
FN:41,(anonymous_1)
FNF:2
FNH:0
FNDA:0,(anonymous_0)
FNDA:0,(anonymous_1)
DA:12,1
DA:27,1
DA:32,0
DA:37,1
DA:39,1
DA:41,1
LF:6
LH:5
BRF:0
BRH:0
end_of_record
TN:
SF:src/app/state-management/slices/FilterSlice.tsx
FN:16,(anonymous_0)
FN:23,(anonymous_1)
FNF:2
FNH:1
FNDA:1,(anonymous_0)
FNDA:0,(anonymous_1)
DA:8,2
DA:12,2
DA:17,1
DA:22,2
DA:23,2
DA:25,2
LF:6
LH:6
BRF:0
BRH:0
end_of_record
TN:
SF:src/app/state-management/slices/SelectedSlice.tsx
FN:16,(anonymous_0)
FN:19,(anonymous_1)
FNF:2
FNH:2
FNDA:3,(anonymous_0)
FNDA:1,(anonymous_1)
DA:8,2
DA:12,2
DA:17,3
DA:20,1
DA:25,2
DA:28,2
LF:6
LH:6
BRF:0
BRH:0
end_of_record
TN:
SF:src/app/state-management/slices/SnapshotSlice.tsx
FN:14,(anonymous_0)
FN:17,(anonymous_1)
FN:20,(anonymous_2)
FNF:3
FNH:3
FNDA:1,(anonymous_0)
FNDA:1,(anonymous_1)
FNDA:1,(anonymous_2)
DA:4,2
DA:10,2
DA:15,1
DA:18,1
DA:21,1
DA:28,2
DA:34,2
LF:7
LH:7
BRF:0
BRH:0
end_of_record
TN:
SF:src/app/state-management/slices/ThrottleSlice.tsx
FN:11,(anonymous_0)
FN:14,(anonymous_1)
FNF:2
FNH:2
FNDA:1,(anonymous_0)
FNDA:1,(anonymous_1)
DA:3,2
DA:7,2
DA:12,1
DA:15,1
DA:20,2
LF:5
LH:5
BRF:0
BRH:0
end_of_record
TN:
SF:src/app/state-management/slices/ZoomSlice.tsx
FN:20,(anonymous_0)
FN:23,(anonymous_1)
FN:30,(anonymous_2)
FNF:3
FNH:2
FNDA:1,(anonymous_0)
FNDA:1,(anonymous_1)
FNDA:0,(anonymous_2)
DA:8,2
DA:16,2
DA:21,1
DA:24,1
DA:29,2
DA:30,2
DA:32,2
LF:7
LH:7
BRF:0
BRH:0
end_of_record
TN:
SF:src/app/utils/cleanComponentAtomTree.ts
FN:3,(anonymous_0)
FN:8,(anonymous_1)
FNF:2
FNH:2
FNDA:1,(anonymous_0)
FNDA:15,(anonymous_1)
DA:3,2
DA:6,1
DA:7,1
DA:8,1
DA:9,15
DA:17,2
DA:18,1
DA:19,1
DA:20,1
DA:21,1
DA:22,1
DA:26,1
DA:29,1
DA:30,1
DA:31,1
DA:32,0
DA:34,1
DA:39,15
DA:40,14
DA:42,15
DA:44,1
DA:47,1
DA:48,1
DA:52,1
LF:24
LH:23
BRDA:8,0,0,0
BRDA:9,1,0,2
BRDA:9,1,1,13
BRDA:10,2,0,15
BRDA:10,2,1,10
BRDA:10,2,2,5
BRDA:10,2,3,4
BRDA:10,2,4,3
BRDA:10,2,5,2
BRDA:17,3,0,1
BRDA:17,3,1,1
BRDA:31,4,0,0
BRDA:31,4,1,1
BRDA:47,5,0,1
BRDA:47,5,1,0
BRF:15
BRH:12
end_of_record
